[2020-12-07T08:49:19.509+0000][12575][gc] Using G1
[2020-12-07T08:49:20.463+0000][12575][gc,init] Version: 15.0.1+9 (release)
[2020-12-07T08:49:20.463+0000][12575][gc,init] CPUs: 16 total, 16 available
[2020-12-07T08:49:20.463+0000][12575][gc,init] Memory: 16384M
[2020-12-07T08:49:20.463+0000][12575][gc,init] Large Page Support: Disabled
[2020-12-07T08:49:20.463+0000][12575][gc,init] NUMA Support: Disabled
[2020-12-07T08:49:20.463+0000][12575][gc,init] Compressed Oops: Enabled (Zero based)
[2020-12-07T08:49:20.463+0000][12575][gc,init] Heap Region Size: 1M
[2020-12-07T08:49:20.463+0000][12575][gc,init] Heap Min Capacity: 1G
[2020-12-07T08:49:20.463+0000][12575][gc,init] Heap Initial Capacity: 1G
[2020-12-07T08:49:20.463+0000][12575][gc,init] Heap Max Capacity: 1G
[2020-12-07T08:49:20.463+0000][12575][gc,init] Pre-touch: Enabled
[2020-12-07T08:49:20.463+0000][12575][gc,init] Parallel Workers: 13
[2020-12-07T08:49:20.463+0000][12575][gc,init] Concurrent Workers: 3
[2020-12-07T08:49:20.463+0000][12575][gc,init] Concurrent Refinement Workers: 13
[2020-12-07T08:49:20.463+0000][12575][gc,init] Periodic GC: Disabled
[2020-12-07T08:49:20.463+0000][12575][gc,cds ] Mark closed archive regions in map: [0x00000007fff00000, 0x00000007fff78ff8]
[2020-12-07T08:49:20.464+0000][12575][gc,cds ] Mark open archive regions in map: [0x00000007ffe00000, 0x00000007ffe50ff8]
[2020-12-07T08:49:20.464+0000][12575][gc,metaspace] CDS archive(s) mapped at: [0x0000000800000000-0x0000000800b2d000-0x0000000800b2d000), size 11718656, SharedBaseAddress: 0x0000000800000000, ArchiveRelocationMode: 0.
[2020-12-07T08:49:20.464+0000][12575][gc,metaspace] Compressed class space mapped at: 0x0000000800b30000-0x0000000840b30000, size: 1073741824
[2020-12-07T08:49:20.464+0000][12575][gc,metaspace] Narrow klass base: 0x0000000800000000, Narrow klass shift: 3, Narrow klass range: 0x100000000
[2020-12-07T08:49:20.693+0000][12575][safepoint   ] Safepoint "ICBufferFull", Time since last: 222571248 ns, Reaching safepoint: 85695 ns, At safepoint: 46618 ns, Total: 132313 ns
[2020-12-07T08:49:21.137+0000][12575][safepoint   ] Safepoint "ICBufferFull", Time since last: 443888791 ns, Reaching safepoint: 123813 ns, At safepoint: 28331 ns, Total: 152144 ns
[2020-12-07T08:49:21.730+0000][12575][safepoint   ] Safepoint "ICBufferFull", Time since last: 592748711 ns, Reaching safepoint: 150861 ns, At safepoint: 64986 ns, Total: 215847 ns
[2020-12-07T08:49:21.769+0000][12575][gc,start    ] GC(0) Pause Young (Normal) (G1 Evacuation Pause)
[2020-12-07T08:49:21.771+0000][12575][gc,task     ] GC(0) Using 13 workers of 13 for evacuation
[2020-12-07T08:49:21.771+0000][12575][gc,age      ] GC(0) Desired survivor size 3670016 bytes, new threshold 15 (max threshold 15)
[2020-12-07T08:49:21.776+0000][12575][gc,age      ] GC(0) Age table with threshold 15 (max threshold 15)
[2020-12-07T08:49:21.776+0000][12575][gc,age      ] GC(0) - age   1:    6257872 bytes,    6257872 total
[2020-12-07T08:49:21.776+0000][12575][gc,phases   ] GC(0)   Pre Evacuate Collection Set: 0.1ms
[2020-12-07T08:49:21.776+0000][12575][gc,phases   ] GC(0)   Merge Heap Roots: 0.2ms
[2020-12-07T08:49:21.776+0000][12575][gc,phases   ] GC(0)   Evacuate Collection Set: 3.0ms
[2020-12-07T08:49:21.776+0000][12575][gc,phases   ] GC(0)   Post Evacuate Collection Set: 1.1ms
[2020-12-07T08:49:21.776+0000][12575][gc,phases   ] GC(0)   Other: 2.1ms
[2020-12-07T08:49:21.776+0000][12575][gc,heap     ] GC(0) Eden regions: 51->0(54)
[2020-12-07T08:49:21.776+0000][12575][gc,heap     ] GC(0) Survivor regions: 0->7(7)
[2020-12-07T08:49:21.776+0000][12575][gc,heap     ] GC(0) Old regions: 0->0
[2020-12-07T08:49:21.776+0000][12575][gc,heap     ] GC(0) Archive regions: 2->2
[2020-12-07T08:49:21.776+0000][12575][gc,heap     ] GC(0) Humongous regions: 1->1
[2020-12-07T08:49:21.776+0000][12575][gc,metaspace] GC(0) Metaspace: 13988K(14336K)->13988K(14336K) NonClass: 12331K(12544K)->12331K(12544K) Class: 1656K(1792K)->1656K(1792K)
[2020-12-07T08:49:21.776+0000][12575][gc          ] GC(0) Pause Young (Normal) (G1 Evacuation Pause) 52M->7M(1024M) 6.695ms
[2020-12-07T08:49:21.776+0000][12575][gc,cpu      ] GC(0) User=0.03s Sys=0.01s Real=0.01s
[2020-12-07T08:49:21.776+0000][12575][safepoint   ] Safepoint "G1CollectForAllocation", Time since last: 39000002 ns, Reaching safepoint: 105894 ns, At safepoint: 6954855 ns, Total: 7060749 ns
[2020-12-07T08:49:22.033+0000][12575][gc,start    ] GC(1) Pause Young (Normal) (G1 Evacuation Pause)
[2020-12-07T08:49:22.033+0000][12575][gc,task     ] GC(1) Using 13 workers of 13 for evacuation
[2020-12-07T08:49:22.033+0000][12575][gc,age      ] GC(1) Desired survivor size 4194304 bytes, new threshold 1 (max threshold 15)
[2020-12-07T08:49:22.036+0000][12575][gc,age      ] GC(1) Age table with threshold 1 (max threshold 15)
[2020-12-07T08:49:22.036+0000][12575][gc,age      ] GC(1) - age   1:    2889888 bytes,    2889888 total
[2020-12-07T08:49:22.036+0000][12575][gc,phases   ] GC(1)   Pre Evacuate Collection Set: 0.1ms
[2020-12-07T08:49:22.036+0000][12575][gc,phases   ] GC(1)   Merge Heap Roots: 0.1ms
[2020-12-07T08:49:22.036+0000][12575][gc,phases   ] GC(1)   Evacuate Collection Set: 2.5ms
[2020-12-07T08:49:22.036+0000][12575][gc,phases   ] GC(1)   Post Evacuate Collection Set: 0.5ms
[2020-12-07T08:49:22.036+0000][12575][gc,phases   ] GC(1)   Other: 0.1ms
[2020-12-07T08:49:22.036+0000][12575][gc,heap     ] GC(1) Eden regions: 54->0(610)
[2020-12-07T08:49:22.036+0000][12575][gc,heap     ] GC(1) Survivor regions: 7->4(8)
[2020-12-07T08:49:22.036+0000][12575][gc,heap     ] GC(1) Old regions: 0->6
[2020-12-07T08:49:22.036+0000][12575][gc,heap     ] GC(1) Archive regions: 2->2
[2020-12-07T08:49:22.036+0000][12575][gc,heap     ] GC(1) Humongous regions: 1->1
[2020-12-07T08:49:22.036+0000][12575][gc,metaspace] GC(1) Metaspace: 14855K(15232K)->14855K(15232K) NonClass: 13128K(13312K)->13128K(13312K) Class: 1726K(1920K)->1726K(1920K)
[2020-12-07T08:49:22.036+0000][12575][gc          ] GC(1) Pause Young (Normal) (G1 Evacuation Pause) 61M->10M(1024M) 3.366ms
[2020-12-07T08:49:22.036+0000][12575][gc,cpu      ] GC(1) User=0.03s Sys=0.00s Real=0.00s
[2020-12-07T08:49:22.036+0000][12575][safepoint   ] Safepoint "G1CollectForAllocation", Time since last: 256666814 ns, Reaching safepoint: 155679 ns, At safepoint: 3484400 ns, Total: 3640079 ns
[2020-12-07T08:49:22.098+0000][12575][safepoint   ] Safepoint "ICBufferFull", Time since last: 61488104 ns, Reaching safepoint: 56511 ns, At safepoint: 32513 ns, Total: 89024 ns
[2020-12-07T08:49:22.101+0000][12575][safepoint   ] Safepoint "ICBufferFull", Time since last: 3059846 ns, Reaching safepoint: 49091 ns, At safepoint: 2704 ns, Total: 51795 ns
[2020-12-07T08:49:22.103+0000][12575][safepoint   ] Safepoint "ICBufferFull", Time since last: 1926169 ns, Reaching safepoint: 79014 ns, At safepoint: 11420 ns, Total: 90434 ns
[2020-12-07T08:49:22.105+0000][12575][safepoint   ] Safepoint "ICBufferFull", Time since last: 2085965 ns, Reaching safepoint: 58054 ns, At safepoint: 52250 ns, Total: 110304 ns
[2020-12-07T08:49:22.108+0000][12575][safepoint   ] Safepoint "ICBufferFull", Time since last: 2557439 ns, Reaching safepoint: 67757 ns, At safepoint: 24617 ns, Total: 92374 ns
[2020-12-07T08:49:22.110+0000][12575][safepoint   ] Safepoint "ICBufferFull", Time since last: 1923365 ns, Reaching safepoint: 93941 ns, At safepoint: 25421 ns, Total: 119362 ns
[2020-12-07T08:49:22.113+0000][12575][safepoint   ] Safepoint "ICBufferFull", Time since last: 3199135 ns, Reaching safepoint: 67307 ns, At safepoint: 27014 ns, Total: 94321 ns
[2020-12-07T08:49:22.116+0000][12575][safepoint   ] Safepoint "ICBufferFull", Time since last: 2079469 ns, Reaching safepoint: 94613 ns, At safepoint: 36167 ns, Total: 130780 ns
[2020-12-07T08:49:22.118+0000][12575][safepoint   ] Safepoint "ICBufferFull", Time since last: 2706609 ns, Reaching safepoint: 63187 ns, At safepoint: 45478 ns, Total: 108665 ns
[2020-12-07T08:49:22.122+0000][12575][safepoint   ] Safepoint "ICBufferFull", Time since last: 3513374 ns, Reaching safepoint: 64723 ns, At safepoint: 66176 ns, Total: 130899 ns
[2020-12-07T08:49:22.124+0000][12575][safepoint   ] Safepoint "ICBufferFull", Time since last: 1599880 ns, Reaching safepoint: 72044 ns, At safepoint: 53067 ns, Total: 125111 ns
[2020-12-07T08:49:22.126+0000][12575][safepoint   ] Safepoint "ICBufferFull", Time since last: 1961662 ns, Reaching safepoint: 65535 ns, At safepoint: 28355 ns, Total: 93890 ns
[2020-12-07T08:49:22.128+0000][12575][safepoint   ] Safepoint "ICBufferFull", Time since last: 1812469 ns, Reaching safepoint: 72697 ns, At safepoint: 48842 ns, Total: 121539 ns
[2020-12-07T08:49:22.130+0000][12575][safepoint   ] Safepoint "ICBufferFull", Time since last: 2327888 ns, Reaching safepoint: 72245 ns, At safepoint: 25066 ns, Total: 97311 ns
[2020-12-07T08:49:22.132+0000][12575][safepoint   ] Safepoint "ICBufferFull", Time since last: 2129469 ns, Reaching safepoint: 62722 ns, At safepoint: 5161 ns, Total: 67883 ns
[2020-12-07T08:49:22.134+0000][12575][safepoint   ] Safepoint "ICBufferFull", Time since last: 1866895 ns, Reaching safepoint: 78683 ns, At safepoint: 44862 ns, Total: 123545 ns
[2020-12-07T08:49:22.137+0000][12575][safepoint   ] Safepoint "ICBufferFull", Time since last: 2083769 ns, Reaching safepoint: 65405 ns, At safepoint: 21596 ns, Total: 87001 ns
[2020-12-07T08:49:22.140+0000][12575][safepoint   ] Safepoint "ICBufferFull", Time since last: 3644195 ns, Reaching safepoint: 62463 ns, At safepoint: 27586 ns, Total: 90049 ns
[2020-12-07T08:49:22.145+0000][12575][safepoint   ] Safepoint "ICBufferFull", Time since last: 4353110 ns, Reaching safepoint: 48116 ns, At safepoint: 5194 ns, Total: 53310 ns
[2020-12-07T08:49:22.145+0000][12575][safepoint   ] Safepoint "ICBufferFull", Time since last: 511546 ns, Reaching safepoint: 63695 ns, At safepoint: 91744 ns, Total: 155439 ns
[2020-12-07T08:49:22.146+0000][12575][safepoint   ] Safepoint "ICBufferFull", Time since last: 482217 ns, Reaching safepoint: 92462 ns, At safepoint: 28035 ns, Total: 120497 ns
[2020-12-07T08:49:22.146+0000][12575][safepoint   ] Safepoint "ICBufferFull", Time since last: 433386 ns, Reaching safepoint: 29913 ns, At safepoint: 27943 ns, Total: 57856 ns
[2020-12-07T08:49:22.147+0000][12575][safepoint   ] Safepoint "ICBufferFull", Time since last: 482761 ns, Reaching safepoint: 62082 ns, At safepoint: 1616 ns, Total: 63698 ns
[2020-12-07T08:49:22.148+0000][12575][safepoint   ] Safepoint "ICBufferFull", Time since last: 466290 ns, Reaching safepoint: 66122 ns, At safepoint: 26261 ns, Total: 92383 ns
[2020-12-07T08:49:22.148+0000][12575][safepoint   ] Safepoint "ICBufferFull", Time since last: 415340 ns, Reaching safepoint: 30357 ns, At safepoint: 25918 ns, Total: 56275 ns
[2020-12-07T08:49:22.149+0000][12575][safepoint   ] Safepoint "ICBufferFull", Time since last: 466760 ns, Reaching safepoint: 58906 ns, At safepoint: 2080 ns, Total: 60986 ns
[2020-12-07T08:49:22.149+0000][12575][safepoint   ] Safepoint "ICBufferFull", Time since last: 462662 ns, Reaching safepoint: 73356 ns, At safepoint: 22975 ns, Total: 96331 ns
[2020-12-07T08:49:22.150+0000][12575][safepoint   ] Safepoint "ICBufferFull", Time since last: 429765 ns, Reaching safepoint: 26282 ns, At safepoint: 42894 ns, Total: 69176 ns
[2020-12-07T08:49:22.150+0000][12575][safepoint   ] Safepoint "ICBufferFull", Time since last: 486561 ns, Reaching safepoint: 63373 ns, At safepoint: 2731 ns, Total: 66104 ns
[2020-12-07T08:49:22.151+0000][12575][safepoint   ] Safepoint "ICBufferFull", Time since last: 481321 ns, Reaching safepoint: 58316 ns, At safepoint: 61575 ns, Total: 119891 ns
[2020-12-07T08:49:22.151+0000][12575][safepoint   ] Safepoint "ICBufferFull", Time since last: 603892 ns, Reaching safepoint: 83881 ns, At safepoint: 19174 ns, Total: 103055 ns
[2020-12-07T08:49:22.152+0000][12575][safepoint   ] Safepoint "ICBufferFull", Time since last: 454591 ns, Reaching safepoint: 32818 ns, At safepoint: 11028 ns, Total: 43846 ns
[2020-12-07T08:49:22.152+0000][12575][safepoint   ] Safepoint "ICBufferFull", Time since last: 428741 ns, Reaching safepoint: 33345 ns, At safepoint: 5343 ns, Total: 38688 ns
[2020-12-07T08:49:22.153+0000][12575][safepoint   ] Safepoint "ICBufferFull", Time since last: 500105 ns, Reaching safepoint: 24189 ns, At safepoint: 14805 ns, Total: 38994 ns
[2020-12-07T08:49:22.154+0000][12575][safepoint   ] Safepoint "ICBufferFull", Time since last: 502333 ns, Reaching safepoint: 52711 ns, At safepoint: 47250 ns, Total: 99961 ns
[2020-12-07T08:49:22.154+0000][12575][safepoint   ] Safepoint "ICBufferFull", Time since last: 499052 ns, Reaching safepoint: 62234 ns, At safepoint: 90823 ns, Total: 153057 ns
[2020-12-07T08:49:22.158+0000][12575][safepoint   ] Safepoint "ICBufferFull", Time since last: 3416206 ns, Reaching safepoint: 29855 ns, At safepoint: 4303 ns, Total: 34158 ns
[2020-12-07T08:49:22.161+0000][12575][safepoint   ] Safepoint "ICBufferFull", Time since last: 3678814 ns, Reaching safepoint: 77919 ns, At safepoint: 15132 ns, Total: 93051 ns
[2020-12-07T08:49:22.162+0000][12575][safepoint   ] Safepoint "ICBufferFull", Time since last: 757601 ns, Reaching safepoint: 58419 ns, At safepoint: 2355 ns, Total: 60774 ns
[2020-12-07T08:49:22.184+0000][12575][safepoint   ] Safepoint "ICBufferFull", Time since last: 21421500 ns, Reaching safepoint: 62197 ns, At safepoint: 16118 ns, Total: 78315 ns
[2020-12-07T08:49:22.185+0000][12575][safepoint   ] Safepoint "ICBufferFull", Time since last: 1003027 ns, Reaching safepoint: 34125 ns, At safepoint: 9446 ns, Total: 43571 ns
[2020-12-07T08:49:22.185+0000][12575][safepoint   ] Safepoint "ICBufferFull", Time since last: 513294 ns, Reaching safepoint: 85135 ns, At safepoint: 35948 ns, Total: 121083 ns
[2020-12-07T08:49:22.186+0000][12575][safepoint   ] Safepoint "ICBufferFull", Time since last: 526473 ns, Reaching safepoint: 43040 ns, At safepoint: 10892 ns, Total: 53932 ns
[2020-12-07T08:49:22.187+0000][12575][safepoint   ] Safepoint "ICBufferFull", Time since last: 649955 ns, Reaching safepoint: 63114 ns, At safepoint: 54415 ns, Total: 117529 ns
[2020-12-07T08:49:22.187+0000][12575][safepoint   ] Safepoint "ICBufferFull", Time since last: 447117 ns, Reaching safepoint: 62330 ns, At safepoint: 51209 ns, Total: 113539 ns
[2020-12-07T08:49:22.188+0000][12575][safepoint   ] Safepoint "ICBufferFull", Time since last: 417179 ns, Reaching safepoint: 64721 ns, At safepoint: 9812 ns, Total: 74533 ns
[2020-12-07T08:49:22.188+0000][12575][safepoint   ] Safepoint "ICBufferFull", Time since last: 507528 ns, Reaching safepoint: 110997 ns, At safepoint: 5579 ns, Total: 116576 ns
[2020-12-07T08:49:22.189+0000][12575][safepoint   ] Safepoint "ICBufferFull", Time since last: 419537 ns, Reaching safepoint: 62558 ns, At safepoint: 6350 ns, Total: 68908 ns
[2020-12-07T08:49:22.190+0000][12575][safepoint   ] Safepoint "ICBufferFull", Time since last: 563205 ns, Reaching safepoint: 74919 ns, At safepoint: 27379 ns, Total: 102298 ns
[2020-12-07T08:49:22.190+0000][12575][safepoint   ] Safepoint "ICBufferFull", Time since last: 449286 ns, Reaching safepoint: 78582 ns, At safepoint: 24469 ns, Total: 103051 ns
[2020-12-07T08:49:22.191+0000][12575][safepoint   ] Safepoint "ICBufferFull", Time since last: 421221 ns, Reaching safepoint: 66019 ns, At safepoint: 69009 ns, Total: 135028 ns
[2020-12-07T08:49:22.191+0000][12575][safepoint   ] Safepoint "ICBufferFull", Time since last: 384165 ns, Reaching safepoint: 22682 ns, At safepoint: 4085 ns, Total: 26767 ns
[2020-12-07T08:49:22.192+0000][12575][safepoint   ] Safepoint "ICBufferFull", Time since last: 411981 ns, Reaching safepoint: 23381 ns, At safepoint: 32445 ns, Total: 55826 ns
[2020-12-07T08:49:22.192+0000][12575][safepoint   ] Safepoint "ICBufferFull", Time since last: 427879 ns, Reaching safepoint: 25873 ns, At safepoint: 32114 ns, Total: 57987 ns
[2020-12-07T08:49:22.193+0000][12575][safepoint   ] Safepoint "ICBufferFull", Time since last: 466138 ns, Reaching safepoint: 52810 ns, At safepoint: 2104 ns, Total: 54914 ns
[2020-12-07T08:49:22.193+0000][12575][safepoint   ] Safepoint "ICBufferFull", Time since last: 415303 ns, Reaching safepoint: 51454 ns, At safepoint: 5829 ns, Total: 57283 ns
[2020-12-07T08:49:22.194+0000][12575][safepoint   ] Safepoint "ICBufferFull", Time since last: 412979 ns, Reaching safepoint: 59356 ns, At safepoint: 2762 ns, Total: 62118 ns
[2020-12-07T08:49:22.194+0000][12575][safepoint   ] Safepoint "ICBufferFull", Time since last: 721353 ns, Reaching safepoint: 63661 ns, At safepoint: 72237 ns, Total: 135898 ns
[2020-12-07T08:49:22.195+0000][12575][safepoint   ] Safepoint "ICBufferFull", Time since last: 442300 ns, Reaching safepoint: 25812 ns, At safepoint: 40402 ns, Total: 66214 ns
[2020-12-07T08:49:22.425+0000][12575][safepoint   ] Safepoint "ICBufferFull", Time since last: 229661154 ns, Reaching safepoint: 127126 ns, At safepoint: 30312 ns, Total: 157438 ns
[2020-12-07T08:49:23.074+0000][12575][gc,start    ] GC(2) Pause Young (Normal) (G1 Evacuation Pause)
[2020-12-07T08:49:23.074+0000][12575][gc,task     ] GC(2) Using 13 workers of 13 for evacuation
[2020-12-07T08:49:23.074+0000][12575][gc,age      ] GC(2) Desired survivor size 40370176 bytes, new threshold 15 (max threshold 15)
[2020-12-07T08:49:23.077+0000][12575][gc,age      ] GC(2) Age table with threshold 15 (max threshold 15)
[2020-12-07T08:49:23.077+0000][12575][gc,age      ] GC(2) - age   1:    8103344 bytes,    8103344 total
[2020-12-07T08:49:23.077+0000][12575][gc,age      ] GC(2) - age   2:     973904 bytes,    9077248 total
[2020-12-07T08:49:23.077+0000][12575][gc,phases   ] GC(2)   Pre Evacuate Collection Set: 0.1ms
[2020-12-07T08:49:23.077+0000][12575][gc,phases   ] GC(2)   Merge Heap Roots: 0.1ms
[2020-12-07T08:49:23.077+0000][12575][gc,phases   ] GC(2)   Evacuate Collection Set: 2.0ms
[2020-12-07T08:49:23.077+0000][12575][gc,phases   ] GC(2)   Post Evacuate Collection Set: 0.7ms
[2020-12-07T08:49:23.077+0000][12575][gc,phases   ] GC(2)   Other: 0.3ms
[2020-12-07T08:49:23.077+0000][12575][gc,heap     ] GC(2) Eden regions: 610->0(604)
[2020-12-07T08:49:23.077+0000][12575][gc,heap     ] GC(2) Survivor regions: 4->10(77)
[2020-12-07T08:49:23.077+0000][12575][gc,heap     ] GC(2) Old regions: 6->6
[2020-12-07T08:49:23.077+0000][12575][gc,heap     ] GC(2) Archive regions: 2->2
[2020-12-07T08:49:23.077+0000][12575][gc,heap     ] GC(2) Humongous regions: 2->1
[2020-12-07T08:49:23.077+0000][12575][gc,metaspace] GC(2) Metaspace: 19425K(20480K)->19425K(20480K) NonClass: 17072K(17920K)->17072K(17920K) Class: 2352K(2560K)->2352K(2560K)
[2020-12-07T08:49:23.077+0000][12575][gc          ] GC(2) Pause Young (Normal) (G1 Evacuation Pause) 621M->16M(1024M) 3.253ms
[2020-12-07T08:49:23.077+0000][12575][gc,cpu      ] GC(2) User=0.03s Sys=0.00s Real=0.00s
[2020-12-07T08:49:23.077+0000][12575][safepoint   ] Safepoint "G1CollectForAllocation", Time since last: 648629135 ns, Reaching safepoint: 106072 ns, At safepoint: 3327465 ns, Total: 3433537 ns
[2020-12-07T08:49:23.542+0000][12575][gc,start    ] GC(3) Pause Young (Concurrent Start) (Metadata GC Threshold)
[2020-12-07T08:49:23.542+0000][12575][gc,task     ] GC(3) Using 13 workers of 13 for evacuation
[2020-12-07T08:49:23.542+0000][12575][gc,age      ] GC(3) Desired survivor size 40370176 bytes, new threshold 15 (max threshold 15)
[2020-12-07T08:49:23.545+0000][12575][gc,age      ] GC(3) Age table with threshold 15 (max threshold 15)
[2020-12-07T08:49:23.545+0000][12575][gc,age      ] GC(3) - age   1:    2450664 bytes,    2450664 total
[2020-12-07T08:49:23.545+0000][12575][gc,age      ] GC(3) - age   2:    7509424 bytes,    9960088 total
[2020-12-07T08:49:23.545+0000][12575][gc,age      ] GC(3) - age   3:     973904 bytes,   10933992 total
[2020-12-07T08:49:23.545+0000][12575][gc,phases   ] GC(3)   Pre Evacuate Collection Set: 0.1ms
[2020-12-07T08:49:23.545+0000][12575][gc,phases   ] GC(3)   Merge Heap Roots: 0.1ms
[2020-12-07T08:49:23.545+0000][12575][gc,phases   ] GC(3)   Evacuate Collection Set: 2.1ms
[2020-12-07T08:49:23.545+0000][12575][gc,phases   ] GC(3)   Post Evacuate Collection Set: 0.5ms
[2020-12-07T08:49:23.545+0000][12575][gc,phases   ] GC(3)   Other: 0.4ms
[2020-12-07T08:49:23.545+0000][12575][gc,heap     ] GC(3) Eden regions: 430->0(602)
[2020-12-07T08:49:23.545+0000][12575][gc,heap     ] GC(3) Survivor regions: 10->12(77)
[2020-12-07T08:49:23.545+0000][12575][gc,heap     ] GC(3) Old regions: 6->6
[2020-12-07T08:49:23.545+0000][12575][gc,heap     ] GC(3) Archive regions: 2->2
[2020-12-07T08:49:23.545+0000][12575][gc,heap     ] GC(3) Humongous regions: 1->1
[2020-12-07T08:49:23.545+0000][12575][gc,metaspace] GC(3) Metaspace: 20132K(21296K)->20132K(21296K) NonClass: 17669K(18608K)->17669K(18608K) Class: 2463K(2688K)->2463K(2688K)
[2020-12-07T08:49:23.545+0000][12575][gc          ] GC(3) Pause Young (Concurrent Start) (Metadata GC Threshold) 446M->19M(1024M) 3.287ms
[2020-12-07T08:49:23.545+0000][12575][gc,cpu      ] GC(3) User=0.03s Sys=0.00s Real=0.00s
[2020-12-07T08:49:23.545+0000][12575][gc          ] GC(4) Concurrent Cycle
[2020-12-07T08:49:23.545+0000][12575][gc,marking  ] GC(4) Concurrent Clear Claimed Marks
[2020-12-07T08:49:23.545+0000][12575][gc,marking  ] GC(4) Concurrent Clear Claimed Marks 0.017ms
[2020-12-07T08:49:23.545+0000][12575][gc,marking  ] GC(4) Concurrent Scan Root Regions
[2020-12-07T08:49:23.546+0000][12575][safepoint   ] Safepoint "CollectForMetadataAllocation", Time since last: 465131771 ns, Reaching safepoint: 73560 ns, At safepoint: 3470108 ns, Total: 3543668 ns
[2020-12-07T08:49:23.547+0000][12575][gc,marking  ] GC(4) Concurrent Scan Root Regions 1.404ms
[2020-12-07T08:49:23.547+0000][12575][gc,marking  ] GC(4) Concurrent Mark (4.046s)
[2020-12-07T08:49:23.547+0000][12575][gc,marking  ] GC(4) Concurrent Mark From Roots
[2020-12-07T08:49:23.547+0000][12575][gc,task     ] GC(4) Using 3 workers of 3 for marking
[2020-12-07T08:49:23.550+0000][12575][gc,marking  ] GC(4) Concurrent Mark From Roots 2.889ms
[2020-12-07T08:49:23.550+0000][12575][gc,marking  ] GC(4) Concurrent Preclean
[2020-12-07T08:49:23.550+0000][12575][gc,marking  ] GC(4) Concurrent Preclean 0.068ms
[2020-12-07T08:49:23.550+0000][12575][gc,marking  ] GC(4) Concurrent Mark (4.046s, 4.049s) 3.007ms
[2020-12-07T08:49:23.550+0000][12575][gc,start    ] GC(4) Pause Remark
[2020-12-07T08:49:23.551+0000][12575][gc          ] GC(4) Pause Remark 20M->20M(1024M) 1.057ms
[2020-12-07T08:49:23.551+0000][12575][gc,cpu      ] GC(4) User=0.00s Sys=0.00s Real=0.00s
[2020-12-07T08:49:23.551+0000][12575][safepoint   ] Safepoint "G1Concurrent", Time since last: 4434091 ns, Reaching safepoint: 122620 ns, At safepoint: 1182974 ns, Total: 1305594 ns
[2020-12-07T08:49:23.551+0000][12575][gc,marking  ] GC(4) Concurrent Rebuild Remembered Sets
[2020-12-07T08:49:23.553+0000][12575][gc,marking  ] GC(4) Concurrent Rebuild Remembered Sets 2.171ms
[2020-12-07T08:49:23.554+0000][12575][gc,start    ] GC(4) Pause Cleanup
[2020-12-07T08:49:23.554+0000][12575][gc          ] GC(4) Pause Cleanup 24M->24M(1024M) 0.127ms
[2020-12-07T08:49:23.554+0000][12575][gc,cpu      ] GC(4) User=0.01s Sys=0.00s Real=0.00s
[2020-12-07T08:49:23.554+0000][12575][safepoint   ] Safepoint "G1Concurrent", Time since last: 2244906 ns, Reaching safepoint: 375685 ns, At safepoint: 239058 ns, Total: 614743 ns
[2020-12-07T08:49:23.554+0000][12575][gc,marking  ] GC(4) Concurrent Cleanup for Next Mark
[2020-12-07T08:49:23.556+0000][12575][gc,marking  ] GC(4) Concurrent Cleanup for Next Mark 1.443ms
[2020-12-07T08:49:23.556+0000][12575][gc          ] GC(4) Concurrent Cycle 10.182ms
[2020-12-07T08:49:24.254+0000][12575][safepoint   ] Safepoint "ICBufferFull", Time since last: 699518739 ns, Reaching safepoint: 143541 ns, At safepoint: 29137 ns, Total: 172678 ns
[2020-12-07T08:49:24.919+0000][12575][safepoint   ] Safepoint "ICBufferFull", Time since last: 665007161 ns, Reaching safepoint: 195554 ns, At safepoint: 28891 ns, Total: 224445 ns
[2020-12-07T08:49:25.446+0000][12575][gc,start    ] GC(5) Pause Young (Concurrent Start) (Metadata GC Threshold)
[2020-12-07T08:49:25.446+0000][12575][gc,task     ] GC(5) Using 13 workers of 13 for evacuation
[2020-12-07T08:49:25.446+0000][12575][gc,age      ] GC(5) Desired survivor size 40370176 bytes, new threshold 15 (max threshold 15)
[2020-12-07T08:49:25.457+0000][12575][gc,age      ] GC(5) Age table with threshold 15 (max threshold 15)
[2020-12-07T08:49:25.457+0000][12575][gc,age      ] GC(5) - age   1:   32509592 bytes,   32509592 total
[2020-12-07T08:49:25.457+0000][12575][gc,age      ] GC(5) - age   2:    2397680 bytes,   34907272 total
[2020-12-07T08:49:25.457+0000][12575][gc,age      ] GC(5) - age   3:    7438496 bytes,   42345768 total
[2020-12-07T08:49:25.457+0000][12575][gc,age      ] GC(5) - age   4:     945296 bytes,   43291064 total
[2020-12-07T08:49:25.457+0000][12575][gc,phases   ] GC(5)   Pre Evacuate Collection Set: 0.2ms
[2020-12-07T08:49:25.457+0000][12575][gc,phases   ] GC(5)   Merge Heap Roots: 0.1ms
[2020-12-07T08:49:25.457+0000][12575][gc,phases   ] GC(5)   Evacuate Collection Set: 8.9ms
[2020-12-07T08:49:25.457+0000][12575][gc,phases   ] GC(5)   Post Evacuate Collection Set: 1.3ms
[2020-12-07T08:49:25.457+0000][12575][gc,phases   ] GC(5)   Other: 0.3ms
[2020-12-07T08:49:25.457+0000][12575][gc,heap     ] GC(5) Eden regions: 554->0(572)
[2020-12-07T08:49:25.457+0000][12575][gc,heap     ] GC(5) Survivor regions: 12->42(77)
[2020-12-07T08:49:25.457+0000][12575][gc,heap     ] GC(5) Old regions: 6->6
[2020-12-07T08:49:25.457+0000][12575][gc,heap     ] GC(5) Archive regions: 2->2
[2020-12-07T08:49:25.457+0000][12575][gc,heap     ] GC(5) Humongous regions: 1->1
[2020-12-07T08:49:25.457+0000][12575][gc,metaspace] GC(5) Metaspace: 33746K(35888K)->33746K(35888K) NonClass: 29383K(30896K)->29383K(30896K) Class: 4363K(4992K)->4363K(4992K)
[2020-12-07T08:49:25.457+0000][12575][gc          ] GC(5) Pause Young (Concurrent Start) (Metadata GC Threshold) 573M->49M(1024M) 10.771ms
[2020-12-07T08:49:25.457+0000][12575][gc,cpu      ] GC(5) User=0.12s Sys=0.00s Real=0.01s
[2020-12-07T08:49:25.457+0000][12575][gc          ] GC(6) Concurrent Cycle
[2020-12-07T08:49:25.457+0000][12575][gc,marking  ] GC(6) Concurrent Clear Claimed Marks
[2020-12-07T08:49:25.457+0000][12575][gc,marking  ] GC(6) Concurrent Clear Claimed Marks 0.035ms
[2020-12-07T08:49:25.457+0000][12575][gc,marking  ] GC(6) Concurrent Scan Root Regions
[2020-12-07T08:49:25.457+0000][12575][safepoint   ] Safepoint "CollectForMetadataAllocation", Time since last: 526841610 ns, Reaching safepoint: 151555 ns, At safepoint: 10981984 ns, Total: 11133539 ns
[2020-12-07T08:49:25.465+0000][12575][gc,marking  ] GC(6) Concurrent Scan Root Regions 7.613ms
[2020-12-07T08:49:25.465+0000][12575][gc,marking  ] GC(6) Concurrent Mark (5.963s)
[2020-12-07T08:49:25.465+0000][12575][gc,marking  ] GC(6) Concurrent Mark From Roots
[2020-12-07T08:49:25.465+0000][12575][gc,task     ] GC(6) Using 3 workers of 3 for marking
[2020-12-07T08:49:25.465+0000][12575][safepoint   ] Safepoint "CollectForMetadataAllocation", Time since last: 7785346 ns, Reaching safepoint: 57016 ns, At safepoint: 146692 ns, Total: 203708 ns
[2020-12-07T08:49:25.468+0000][12575][gc,marking  ] GC(6) Concurrent Mark From Roots 2.999ms
[2020-12-07T08:49:25.468+0000][12575][gc,marking  ] GC(6) Concurrent Preclean
[2020-12-07T08:49:25.468+0000][12575][gc,marking  ] GC(6) Concurrent Preclean 0.039ms
[2020-12-07T08:49:25.468+0000][12575][gc,marking  ] GC(6) Concurrent Mark (5.963s, 5.966s) 3.069ms
[2020-12-07T08:49:25.468+0000][12575][gc,start    ] GC(6) Pause Remark
[2020-12-07T08:49:25.469+0000][12575][gc          ] GC(6) Pause Remark 50M->50M(1024M) 1.132ms
[2020-12-07T08:49:25.469+0000][12575][gc,cpu      ] GC(6) User=0.01s Sys=0.00s Real=0.00s
[2020-12-07T08:49:25.469+0000][12575][safepoint   ] Safepoint "G1Concurrent", Time since last: 2705151 ns, Reaching safepoint: 84370 ns, At safepoint: 1229602 ns, Total: 1313972 ns
[2020-12-07T08:49:25.469+0000][12575][gc,marking  ] GC(6) Concurrent Rebuild Remembered Sets
[2020-12-07T08:49:25.471+0000][12575][gc,marking  ] GC(6) Concurrent Rebuild Remembered Sets 1.878ms
[2020-12-07T08:49:25.471+0000][12575][gc,start    ] GC(6) Pause Cleanup
[2020-12-07T08:49:25.471+0000][12575][gc          ] GC(6) Pause Cleanup 51M->51M(1024M) 0.115ms
[2020-12-07T08:49:25.471+0000][12575][gc,cpu      ] GC(6) User=0.00s Sys=0.00s Real=0.00s
[2020-12-07T08:49:25.471+0000][12575][safepoint   ] Safepoint "G1Concurrent", Time since last: 1925572 ns, Reaching safepoint: 197283 ns, At safepoint: 199114 ns, Total: 396397 ns
[2020-12-07T08:49:25.471+0000][12575][gc,marking  ] GC(6) Concurrent Cleanup for Next Mark
[2020-12-07T08:49:25.473+0000][12575][gc,marking  ] GC(6) Concurrent Cleanup for Next Mark 1.203ms
[2020-12-07T08:49:25.473+0000][12575][gc          ] GC(6) Concurrent Cycle 15.686ms
[2020-12-07T08:49:25.887+0000][12575][safepoint   ] Safepoint "ICBufferFull", Time since last: 415565842 ns, Reaching safepoint: 166207 ns, At safepoint: 52416 ns, Total: 218623 ns
[2020-12-07T08:49:26.416+0000][12575][safepoint   ] Safepoint "ICBufferFull", Time since last: 528608031 ns, Reaching safepoint: 202709 ns, At safepoint: 23876 ns, Total: 226585 ns
[2020-12-07T08:49:27.261+0000][12575][gc,start    ] GC(7) Pause Young (Concurrent Start) (Metadata GC Threshold)
[2020-12-07T08:49:27.261+0000][12575][gc,task     ] GC(7) Using 13 workers of 13 for evacuation
[2020-12-07T08:49:27.261+0000][12575][gc,age      ] GC(7) Desired survivor size 40370176 bytes, new threshold 3 (max threshold 15)
[2020-12-07T08:49:27.274+0000][12575][gc,age      ] GC(7) Age table with threshold 3 (max threshold 15)
[2020-12-07T08:49:27.274+0000][12575][gc,age      ] GC(7) - age   1:   11528816 bytes,   11528816 total
[2020-12-07T08:49:27.274+0000][12575][gc,age      ] GC(7) - age   2:   32140816 bytes,   43669632 total
[2020-12-07T08:49:27.274+0000][12575][gc,age      ] GC(7) - age   3:    2372776 bytes,   46042408 total
[2020-12-07T08:49:27.274+0000][12575][gc,phases   ] GC(7)   Pre Evacuate Collection Set: 0.1ms
[2020-12-07T08:49:27.274+0000][12575][gc,phases   ] GC(7)   Merge Heap Roots: 0.1ms
[2020-12-07T08:49:27.274+0000][12575][gc,phases   ] GC(7)   Evacuate Collection Set: 11.7ms
[2020-12-07T08:49:27.274+0000][12575][gc,phases   ] GC(7)   Post Evacuate Collection Set: 1.1ms
[2020-12-07T08:49:27.274+0000][12575][gc,phases   ] GC(7)   Other: 0.2ms
[2020-12-07T08:49:27.274+0000][12575][gc,heap     ] GC(7) Eden regions: 259->0(567)
[2020-12-07T08:49:27.274+0000][12575][gc,heap     ] GC(7) Survivor regions: 42->47(77)
[2020-12-07T08:49:27.274+0000][12575][gc,heap     ] GC(7) Old regions: 6->14
[2020-12-07T08:49:27.274+0000][12575][gc,heap     ] GC(7) Archive regions: 2->2
[2020-12-07T08:49:27.274+0000][12575][gc,heap     ] GC(7) Humongous regions: 1->1
[2020-12-07T08:49:27.274+0000][12575][gc,metaspace] GC(7) Metaspace: 57744K(60668K)->57744K(60668K) NonClass: 50090K(52092K)->50090K(52092K) Class: 7654K(8576K)->7654K(8576K)
[2020-12-07T08:49:27.274+0000][12575][gc          ] GC(7) Pause Young (Concurrent Start) (Metadata GC Threshold) 307M->62M(1024M) 13.230ms
[2020-12-07T08:49:27.274+0000][12575][gc,cpu      ] GC(7) User=0.17s Sys=0.00s Real=0.01s
[2020-12-07T08:49:27.274+0000][12575][gc          ] GC(8) Concurrent Cycle
[2020-12-07T08:49:27.274+0000][12575][gc,marking  ] GC(8) Concurrent Clear Claimed Marks
[2020-12-07T08:49:27.274+0000][12575][gc,marking  ] GC(8) Concurrent Clear Claimed Marks 0.042ms
[2020-12-07T08:49:27.274+0000][12575][gc,marking  ] GC(8) Concurrent Scan Root Regions
[2020-12-07T08:49:27.274+0000][12575][safepoint   ] Safepoint "CollectForMetadataAllocation", Time since last: 844689932 ns, Reaching safepoint: 131171 ns, At safepoint: 13449569 ns, Total: 13580740 ns
[2020-12-07T08:49:27.285+0000][12575][gc,marking  ] GC(8) Concurrent Scan Root Regions 10.318ms
[2020-12-07T08:49:27.285+0000][12575][gc,marking  ] GC(8) Concurrent Mark (7.783s)
[2020-12-07T08:49:27.285+0000][12575][gc,marking  ] GC(8) Concurrent Mark From Roots
[2020-12-07T08:49:27.285+0000][12575][gc,task     ] GC(8) Using 3 workers of 3 for marking
[2020-12-07T08:49:27.287+0000][12575][gc,marking  ] GC(8) Concurrent Mark From Roots 2.846ms
[2020-12-07T08:49:27.287+0000][12575][gc,marking  ] GC(8) Concurrent Preclean
[2020-12-07T08:49:27.288+0000][12575][gc,marking  ] GC(8) Concurrent Preclean 0.055ms
[2020-12-07T08:49:27.288+0000][12575][gc,marking  ] GC(8) Concurrent Mark (7.783s, 7.786s) 2.953ms
[2020-12-07T08:49:27.288+0000][12575][gc,start    ] GC(8) Pause Remark
[2020-12-07T08:49:27.289+0000][12575][gc          ] GC(8) Pause Remark 64M->64M(1024M) 1.189ms
[2020-12-07T08:49:27.289+0000][12575][gc,cpu      ] GC(8) User=0.01s Sys=0.00s Real=0.00s
[2020-12-07T08:49:27.289+0000][12575][safepoint   ] Safepoint "G1Concurrent", Time since last: 13262554 ns, Reaching safepoint: 99114 ns, At safepoint: 1284225 ns, Total: 1383339 ns
[2020-12-07T08:49:27.289+0000][12575][gc,marking  ] GC(8) Concurrent Rebuild Remembered Sets
[2020-12-07T08:49:27.292+0000][12575][gc,marking  ] GC(8) Concurrent Rebuild Remembered Sets 3.086ms
[2020-12-07T08:49:27.293+0000][12575][gc,start    ] GC(8) Pause Cleanup
[2020-12-07T08:49:27.293+0000][12575][gc          ] GC(8) Pause Cleanup 64M->64M(1024M) 0.132ms
[2020-12-07T08:49:27.293+0000][12575][gc,cpu      ] GC(8) User=0.00s Sys=0.00s Real=0.00s
[2020-12-07T08:49:27.293+0000][12575][safepoint   ] Safepoint "G1Concurrent", Time since last: 3139035 ns, Reaching safepoint: 427789 ns, At safepoint: 180794 ns, Total: 608583 ns
[2020-12-07T08:49:27.293+0000][12575][gc,marking  ] GC(8) Concurrent Cleanup for Next Mark
[2020-12-07T08:49:27.294+0000][12575][gc,marking  ] GC(8) Concurrent Cleanup for Next Mark 1.066ms
[2020-12-07T08:49:27.294+0000][12575][gc          ] GC(8) Concurrent Cycle 19.627ms
[2020-12-07T08:49:27.976+0000][12575][safepoint   ] Safepoint "ICBufferFull", Time since last: 682872974 ns, Reaching safepoint: 548430 ns, At safepoint: 31877 ns, Total: 580307 ns
[2020-12-07T08:49:28.565+0000][12575][safepoint   ] Safepoint "ICBufferFull", Time since last: 588857274 ns, Reaching safepoint: 142808 ns, At safepoint: 49093 ns, Total: 191901 ns
[2020-12-07T08:49:29.061+0000][12575][safepoint   ] Safepoint "ICBufferFull", Time since last: 495613014 ns, Reaching safepoint: 212013 ns, At safepoint: 64302 ns, Total: 276315 ns
[2020-12-07T08:49:30.065+0000][12575][safepoint   ] Safepoint "Cleanup", Time since last: 1003598476 ns, Reaching safepoint: 222721 ns, At safepoint: 38435 ns, Total: 261156 ns
[2020-12-07T08:49:33.070+0000][12575][safepoint   ] Safepoint "Cleanup", Time since last: 3005140256 ns, Reaching safepoint: 118227 ns, At safepoint: 2226 ns, Total: 120453 ns
[2020-12-07T08:49:34.072+0000][12575][safepoint   ] Safepoint "Cleanup", Time since last: 1001808256 ns, Reaching safepoint: 71729 ns, At safepoint: 44449 ns, Total: 116178 ns
[2020-12-07T08:49:35.076+0000][12575][safepoint   ] Safepoint "Cleanup", Time since last: 1003473310 ns, Reaching safepoint: 165982 ns, At safepoint: 63247 ns, Total: 229229 ns
[2020-12-07T08:49:36.080+0000][12575][safepoint   ] Safepoint "Cleanup", Time since last: 1003965012 ns, Reaching safepoint: 205805 ns, At safepoint: 12147 ns, Total: 217952 ns
[2020-12-07T08:49:37.085+0000][12575][safepoint   ] Safepoint "Cleanup", Time since last: 1004982886 ns, Reaching safepoint: 155010 ns, At safepoint: 42769 ns, Total: 197779 ns
[2020-12-07T08:49:42.096+0000][12575][safepoint   ] Safepoint "Cleanup", Time since last: 5010256713 ns, Reaching safepoint: 153792 ns, At safepoint: 56313 ns, Total: 210105 ns
[2020-12-07T08:49:44.104+0000][12575][safepoint   ] Safepoint "Cleanup", Time since last: 2008056964 ns, Reaching safepoint: 119642 ns, At safepoint: 17675 ns, Total: 137317 ns
[2020-12-07T08:49:46.107+0000][12575][safepoint   ] Safepoint "Cleanup", Time since last: 2002892495 ns, Reaching safepoint: 106513 ns, At safepoint: 7733 ns, Total: 114246 ns
[2020-12-07T08:49:47.109+0000][12575][safepoint   ] Safepoint "Cleanup", Time since last: 1001191427 ns, Reaching safepoint: 120314 ns, At safepoint: 28852 ns, Total: 149166 ns
[2020-12-07T08:49:50.122+0000][12575][safepoint   ] Safepoint "Cleanup", Time since last: 3012889835 ns, Reaching safepoint: 196181 ns, At safepoint: 20500 ns, Total: 216681 ns
[2020-12-07T08:49:52.124+0000][12575][safepoint   ] Safepoint "Cleanup", Time since last: 2002277304 ns, Reaching safepoint: 129973 ns, At safepoint: 37696 ns, Total: 167669 ns
[2020-12-07T08:49:54.130+0000][12575][safepoint   ] Safepoint "Cleanup", Time since last: 2005756211 ns, Reaching safepoint: 94104 ns, At safepoint: 53898 ns, Total: 148002 ns
[2020-12-07T08:49:56.138+0000][12575][safepoint   ] Safepoint "Cleanup", Time since last: 2007258165 ns, Reaching safepoint: 188443 ns, At safepoint: 20658 ns, Total: 209101 ns
[2020-12-07T08:49:57.138+0000][12575][safepoint   ] Safepoint "Cleanup", Time since last: 1000158627 ns, Reaching safepoint: 146034 ns, At safepoint: 19839 ns, Total: 165873 ns
[2020-12-07T08:49:58.141+0000][12575][safepoint   ] Safepoint "Cleanup", Time since last: 1003177504 ns, Reaching safepoint: 103653 ns, At safepoint: 12516 ns, Total: 116169 ns
[2020-12-07T08:49:59.146+0000][12575][safepoint   ] Safepoint "Cleanup", Time since last: 1004034835 ns, Reaching safepoint: 161839 ns, At safepoint: 54166 ns, Total: 216005 ns
[2020-12-07T08:50:02.154+0000][12575][safepoint   ] Safepoint "Cleanup", Time since last: 3007834038 ns, Reaching safepoint: 200738 ns, At safepoint: 25742 ns, Total: 226480 ns
[2020-12-07T08:50:12.187+0000][12575][safepoint   ] Safepoint "Cleanup", Time since last: 10032845543 ns, Reaching safepoint: 154267 ns, At safepoint: 4997 ns, Total: 159264 ns
[2020-12-07T08:50:13.190+0000][12575][safepoint   ] Safepoint "Cleanup", Time since last: 1002676950 ns, Reaching safepoint: 136012 ns, At safepoint: 9267 ns, Total: 145279 ns
[2020-12-07T08:50:14.195+0000][12575][safepoint   ] Safepoint "Cleanup", Time since last: 1005051096 ns, Reaching safepoint: 72401 ns, At safepoint: 3945 ns, Total: 76346 ns
[2020-12-07T08:50:15.197+0000][12575][safepoint   ] Safepoint "Cleanup", Time since last: 1001419265 ns, Reaching safepoint: 169105 ns, At safepoint: 57886 ns, Total: 226991 ns
[2020-12-07T08:50:18.208+0000][12575][safepoint   ] Safepoint "Cleanup", Time since last: 3010831330 ns, Reaching safepoint: 190612 ns, At safepoint: 42764 ns, Total: 233376 ns
[2020-12-07T08:50:20.213+0000][12575][safepoint   ] Safepoint "Cleanup", Time since last: 2004752240 ns, Reaching safepoint: 179637 ns, At safepoint: 17872 ns, Total: 197509 ns
[2020-12-07T08:50:21.217+0000][12575][safepoint   ] Safepoint "Cleanup", Time since last: 1003970292 ns, Reaching safepoint: 177970 ns, At safepoint: 33031 ns, Total: 211001 ns
[2020-12-07T08:50:24.224+0000][12575][safepoint   ] Safepoint "Cleanup", Time since last: 3006776084 ns, Reaching safepoint: 118432 ns, At safepoint: 55320 ns, Total: 173752 ns
[2020-12-07T08:50:25.228+0000][12575][safepoint   ] Safepoint "Cleanup", Time since last: 1003812223 ns, Reaching safepoint: 118209 ns, At safepoint: 5900 ns, Total: 124109 ns
[2020-12-07T08:50:29.235+0000][12575][safepoint   ] Safepoint "Cleanup", Time since last: 4007325733 ns, Reaching safepoint: 154889 ns, At safepoint: 26049 ns, Total: 180938 ns
[2020-12-07T08:50:30.239+0000][12575][safepoint   ] Safepoint "Cleanup", Time since last: 1003680229 ns, Reaching safepoint: 169561 ns, At safepoint: 73310 ns, Total: 242871 ns
[2020-12-07T08:50:34.254+0000][12575][safepoint   ] Safepoint "Cleanup", Time since last: 4014772640 ns, Reaching safepoint: 110178 ns, At safepoint: 12673 ns, Total: 122851 ns
[2020-12-07T08:50:35.259+0000][12575][safepoint   ] Safepoint "Cleanup", Time since last: 1004865992 ns, Reaching safepoint: 124174 ns, At safepoint: 89543 ns, Total: 213717 ns
[2020-12-07T08:50:37.264+0000][12575][safepoint   ] Safepoint "Cleanup", Time since last: 2003940709 ns, Reaching safepoint: 67592 ns, At safepoint: 2597 ns, Total: 70189 ns
[2020-12-07T08:50:39.270+0000][12575][safepoint   ] Safepoint "Cleanup", Time since last: 2005988200 ns, Reaching safepoint: 165039 ns, At safepoint: 82319 ns, Total: 247358 ns
[2020-12-07T08:50:42.212+0000][12575][safepoint   ] Safepoint "Cleanup", Time since last: 2942262947 ns, Reaching safepoint: 80713 ns, At safepoint: 25512 ns, Total: 106225 ns
[2020-12-07T08:50:43.252+0000][12575][safepoint   ] Safepoint "Cleanup", Time since last: 1039425784 ns, Reaching safepoint: 355201 ns, At safepoint: 65128 ns, Total: 420329 ns
[2020-12-07T08:50:47.254+0000][12575][safepoint   ] Safepoint "Cleanup", Time since last: 4002179899 ns, Reaching safepoint: 59388 ns, At safepoint: 7816 ns, Total: 67204 ns
[2020-12-07T08:50:51.259+0000][12575][safepoint   ] Safepoint "Cleanup", Time since last: 4004510028 ns, Reaching safepoint: 130531 ns, At safepoint: 36975 ns, Total: 167506 ns
[2020-12-07T08:50:53.267+0000][12575][safepoint   ] Safepoint "Cleanup", Time since last: 2007504693 ns, Reaching safepoint: 193836 ns, At safepoint: 28965 ns, Total: 222801 ns
[2020-12-07T08:50:54.271+0000][12575][safepoint   ] Safepoint "Cleanup", Time since last: 1003995587 ns, Reaching safepoint: 189454 ns, At safepoint: 21952 ns, Total: 211406 ns
[2020-12-07T08:50:58.286+0000][12575][safepoint   ] Safepoint "Cleanup", Time since last: 4014540908 ns, Reaching safepoint: 226675 ns, At safepoint: 28077 ns, Total: 254752 ns
[2020-12-07T08:50:59.288+0000][12575][safepoint   ] Safepoint "Cleanup", Time since last: 1001677565 ns, Reaching safepoint: 178213 ns, At safepoint: 31388 ns, Total: 209601 ns
[2020-12-07T08:51:01.295+0000][12575][safepoint   ] Safepoint "Cleanup", Time since last: 2006473567 ns, Reaching safepoint: 75519 ns, At safepoint: 3182 ns, Total: 78701 ns
[2020-12-07T08:51:08.320+0000][12575][safepoint   ] Safepoint "Cleanup", Time since last: 7025011141 ns, Reaching safepoint: 164735 ns, At safepoint: 24184 ns, Total: 188919 ns
[2020-12-07T08:51:12.336+0000][12575][safepoint   ] Safepoint "Cleanup", Time since last: 4016045848 ns, Reaching safepoint: 173883 ns, At safepoint: 55463 ns, Total: 229346 ns
[2020-12-07T08:51:19.357+0000][12575][safepoint   ] Safepoint "Cleanup", Time since last: 7020043599 ns, Reaching safepoint: 104445 ns, At safepoint: 8731 ns, Total: 113176 ns
[2020-12-07T08:51:20.360+0000][12575][safepoint   ] Safepoint "Cleanup", Time since last: 1003103756 ns, Reaching safepoint: 167885 ns, At safepoint: 32009 ns, Total: 199894 ns
[2020-12-07T08:51:29.389+0000][12575][safepoint   ] Safepoint "Cleanup", Time since last: 9029181660 ns, Reaching safepoint: 77915 ns, At safepoint: 5325 ns, Total: 83240 ns
[2020-12-07T08:51:34.399+0000][12575][safepoint   ] Safepoint "Cleanup", Time since last: 5009394200 ns, Reaching safepoint: 101920 ns, At safepoint: 10370 ns, Total: 112290 ns
[2020-12-07T08:51:35.403+0000][12575][safepoint   ] Safepoint "Cleanup", Time since last: 1003813664 ns, Reaching safepoint: 123955 ns, At safepoint: 18616 ns, Total: 142571 ns
[2020-12-07T08:51:55.470+0000][12575][safepoint   ] Safepoint "Cleanup", Time since last: 20066134852 ns, Reaching safepoint: 168504 ns, At safepoint: 40898 ns, Total: 209402 ns
[2020-12-07T08:51:57.476+0000][12575][safepoint   ] Safepoint "Cleanup", Time since last: 2006571018 ns, Reaching safepoint: 164362 ns, At safepoint: 35741 ns, Total: 200103 ns
[2020-12-07T08:51:59.483+0000][12575][safepoint   ] Safepoint "Cleanup", Time since last: 2006395550 ns, Reaching safepoint: 129600 ns, At safepoint: 58782 ns, Total: 188382 ns
[2020-12-07T08:52:05.491+0000][12575][safepoint   ] Safepoint "Cleanup", Time since last: 6008011316 ns, Reaching safepoint: 131032 ns, At safepoint: 18181 ns, Total: 149213 ns
[2020-12-07T08:52:08.504+0000][12575][safepoint   ] Safepoint "Cleanup", Time since last: 3012019051 ns, Reaching safepoint: 266580 ns, At safepoint: 50456 ns, Total: 317036 ns
[2020-12-07T08:52:09.508+0000][12575][safepoint   ] Safepoint "Cleanup", Time since last: 1003714929 ns, Reaching safepoint: 172777 ns, At safepoint: 20739 ns, Total: 193516 ns
[2020-12-07T08:52:19.543+0000][12575][safepoint   ] Safepoint "Cleanup", Time since last: 10034984938 ns, Reaching safepoint: 133895 ns, At safepoint: 32173 ns, Total: 166068 ns
[2020-12-07T08:52:29.569+0000][12575][safepoint   ] Safepoint "Cleanup", Time since last: 10025800431 ns, Reaching safepoint: 78434 ns, At safepoint: 2391 ns, Total: 80825 ns
[2020-12-07T08:52:39.599+0000][12575][safepoint   ] Safepoint "Cleanup", Time since last: 10029436360 ns, Reaching safepoint: 83507 ns, At safepoint: 14735 ns, Total: 98242 ns
[2020-12-07T08:52:44.612+0000][12575][safepoint   ] Safepoint "Cleanup", Time since last: 5013065333 ns, Reaching safepoint: 175496 ns, At safepoint: 33831 ns, Total: 209327 ns
[2020-12-07T08:52:49.630+0000][12575][safepoint   ] Safepoint "Cleanup", Time since last: 5017683515 ns, Reaching safepoint: 162829 ns, At safepoint: 70870 ns, Total: 233699 ns
[2020-12-07T08:52:59.655+0000][12575][safepoint   ] Safepoint "Cleanup", Time since last: 10024403561 ns, Reaching safepoint: 81820 ns, At safepoint: 21686 ns, Total: 103506 ns
[2020-12-07T08:53:06.680+0000][12575][safepoint   ] Safepoint "Cleanup", Time since last: 7024562858 ns, Reaching safepoint: 165625 ns, At safepoint: 24610 ns, Total: 190235 ns
[2020-12-07T08:53:28.741+0000][12575][safepoint   ] Safepoint "Cleanup", Time since last: 22060218767 ns, Reaching safepoint: 163228 ns, At safepoint: 50847 ns, Total: 214075 ns
[2020-12-07T08:54:15.879+0000][12575][safepoint   ] Safepoint "Cleanup", Time since last: 47137445642 ns, Reaching safepoint: 177820 ns, At safepoint: 54871 ns, Total: 232691 ns
[2020-12-07T08:54:41.953+0000][12575][safepoint   ] Safepoint "Cleanup", Time since last: 26073216899 ns, Reaching safepoint: 189696 ns, At safepoint: 67966 ns, Total: 257662 ns
[2020-12-07T08:54:51.986+0000][12575][safepoint   ] Safepoint "Cleanup", Time since last: 10032705317 ns, Reaching safepoint: 174187 ns, At safepoint: 56340 ns, Total: 230527 ns
[2020-12-07T08:55:00.007+0000][12575][safepoint   ] Safepoint "Cleanup", Time since last: 8020385590 ns, Reaching safepoint: 254361 ns, At safepoint: 56754 ns, Total: 311115 ns
[2020-12-07T08:55:29.102+0000][12575][safepoint   ] Safepoint "Cleanup", Time since last: 29094188918 ns, Reaching safepoint: 97531 ns, At safepoint: 12681 ns, Total: 110212 ns
[2020-12-07T08:55:43.153+0000][12575][safepoint   ] Safepoint "Cleanup", Time since last: 14050046056 ns, Reaching safepoint: 200822 ns, At safepoint: 6364 ns, Total: 207186 ns
[2020-12-07T08:55:47.167+0000][12575][safepoint   ] Safepoint "Cleanup", Time since last: 4014122258 ns, Reaching safepoint: 80038 ns, At safepoint: 22615 ns, Total: 102653 ns
[2020-12-07T08:56:03.225+0000][12575][safepoint   ] Safepoint "Cleanup", Time since last: 16057157696 ns, Reaching safepoint: 198819 ns, At safepoint: 21818 ns, Total: 220637 ns
[2020-12-07T08:58:08.609+0000][12575][safepoint   ] Safepoint "Cleanup", Time since last: 125381637050 ns, Reaching safepoint: 186950 ns, At safepoint: 23027 ns, Total: 209977 ns
[2020-12-07T08:58:09.613+0000][12575][safepoint   ] Safepoint "Cleanup", Time since last: 1003954338 ns, Reaching safepoint: 184256 ns, At safepoint: 7159 ns, Total: 191415 ns
[2020-12-07T08:58:12.626+0000][12575][safepoint   ] Safepoint "Cleanup", Time since last: 3012790567 ns, Reaching safepoint: 175004 ns, At safepoint: 43335 ns, Total: 218339 ns
[2020-12-07T08:58:41.710+0000][12575][safepoint   ] Safepoint "Cleanup", Time since last: 29082638923 ns, Reaching safepoint: 171840 ns, At safepoint: 56751 ns, Total: 228591 ns
[2020-12-07T08:58:54.748+0000][12575][safepoint   ] Safepoint "Cleanup", Time since last: 13037813482 ns, Reaching safepoint: 178932 ns, At safepoint: 3767 ns, Total: 182699 ns
[2020-12-07T08:58:59.755+0000][12575][safepoint   ] Safepoint "Cleanup", Time since last: 5006655721 ns, Reaching safepoint: 132524 ns, At safepoint: 14197 ns, Total: 146721 ns
[2020-12-07T08:59:11.789+0000][12575][safepoint   ] Safepoint "Cleanup", Time since last: 12036387871 ns, Reaching safepoint: 155624 ns, At safepoint: 26530 ns, Total: 182154 ns
[2020-12-07T08:59:29.827+0000][12575][safepoint   ] Safepoint "Cleanup", Time since last: 18053482627 ns, Reaching safepoint: 175984 ns, At safepoint: 56086 ns, Total: 232070 ns
[2020-12-07T08:59:47.893+0000][12575][safepoint   ] Safepoint "Cleanup", Time since last: 18070703344 ns, Reaching safepoint: 77386 ns, At safepoint: 12010 ns, Total: 89396 ns
[2020-12-07T08:59:51.899+0000][12575][safepoint   ] Safepoint "Cleanup", Time since last: 4006420189 ns, Reaching safepoint: 75256 ns, At safepoint: 5160 ns, Total: 80416 ns
[2020-12-07T09:01:23.176+0000][12575][safepoint   ] Safepoint "Cleanup", Time since last: 91277376150 ns, Reaching safepoint: 756580 ns, At safepoint: 26726 ns, Total: 783306 ns
[2020-12-07T09:01:27.186+0000][12575][safepoint   ] Safepoint "Cleanup", Time since last: 4008900139 ns, Reaching safepoint: 133149 ns, At safepoint: 27220 ns, Total: 160369 ns
[2020-12-07T09:01:40.214+0000][12575][safepoint   ] Safepoint "Cleanup", Time since last: 13028112595 ns, Reaching safepoint: 152487 ns, At safepoint: 27805 ns, Total: 180292 ns
[2020-12-07T09:02:59.422+0000][12575][safepoint   ] Safepoint "Cleanup", Time since last: 79206792204 ns, Reaching safepoint: 191986 ns, At safepoint: 37353 ns, Total: 229339 ns
[2020-12-07T09:04:15.673+0000][12575][safepoint   ] Safepoint "Cleanup", Time since last: 76248734942 ns, Reaching safepoint: 196222 ns, At safepoint: 74088 ns, Total: 270310 ns
[2020-12-07T09:04:29.715+0000][12575][safepoint   ] Safepoint "Cleanup", Time since last: 14042366860 ns, Reaching safepoint: 178944 ns, At safepoint: 16838 ns, Total: 195782 ns
[2020-12-07T09:04:59.809+0000][12575][safepoint   ] Safepoint "Cleanup", Time since last: 30092890622 ns, Reaching safepoint: 197786 ns, At safepoint: 22958 ns, Total: 220744 ns
[2020-12-07T09:05:23.883+0000][12575][safepoint   ] Safepoint "Cleanup", Time since last: 24073540813 ns, Reaching safepoint: 101312 ns, At safepoint: 7613 ns, Total: 108925 ns
[2020-12-07T09:05:29.900+0000][12575][safepoint   ] Safepoint "Cleanup", Time since last: 6016142483 ns, Reaching safepoint: 193645 ns, At safepoint: 36339 ns, Total: 229984 ns
[2020-12-07T09:05:59.985+0000][12575][safepoint   ] Safepoint "Cleanup", Time since last: 30084334259 ns, Reaching safepoint: 258864 ns, At safepoint: 23213 ns, Total: 282077 ns
[2020-12-07T09:06:12.012+0000][12575][safepoint   ] Safepoint "Cleanup", Time since last: 12026746523 ns, Reaching safepoint: 179782 ns, At safepoint: 26265 ns, Total: 206047 ns
[2020-12-07T09:06:30.064+0000][12575][safepoint   ] Safepoint "Cleanup", Time since last: 18051716304 ns, Reaching safepoint: 197870 ns, At safepoint: 55600 ns, Total: 253470 ns
[2020-12-07T09:07:07.161+0000][12575][safepoint   ] Safepoint "Cleanup", Time since last: 37095357150 ns, Reaching safepoint: 637318 ns, At safepoint: 29308 ns, Total: 666626 ns
[2020-12-07T09:07:29.222+0000][12575][safepoint   ] Safepoint "Cleanup", Time since last: 22060762911 ns, Reaching safepoint: 90591 ns, At safepoint: 44551 ns, Total: 135142 ns
[2020-12-07T09:07:32.233+0000][12575][safepoint   ] Safepoint "Cleanup", Time since last: 3010864353 ns, Reaching safepoint: 202816 ns, At safepoint: 34898 ns, Total: 237714 ns
[2020-12-07T09:07:34.237+0000][12575][safepoint   ] Safepoint "Cleanup", Time since last: 2003275552 ns, Reaching safepoint: 151368 ns, At safepoint: 27813 ns, Total: 179181 ns
[2020-12-07T09:08:01.328+0000][12575][safepoint   ] Safepoint "Cleanup", Time since last: 27090882066 ns, Reaching safepoint: 160172 ns, At safepoint: 61514 ns, Total: 221686 ns
[2020-12-07T09:08:03.336+0000][12575][safepoint   ] Safepoint "Cleanup", Time since last: 2007756296 ns, Reaching safepoint: 90322 ns, At safepoint: 11778 ns, Total: 102100 ns
[2020-12-07T09:08:44.483+0000][12575][safepoint   ] Safepoint "Cleanup", Time since last: 41146197679 ns, Reaching safepoint: 161339 ns, At safepoint: 79176 ns, Total: 240515 ns
[2020-12-07T09:09:17.599+0000][12575][safepoint   ] Safepoint "Cleanup", Time since last: 33114671036 ns, Reaching safepoint: 143029 ns, At safepoint: 11925 ns, Total: 154954 ns
[2020-12-07T09:09:29.647+0000][12575][safepoint   ] Safepoint "Cleanup", Time since last: 12047851379 ns, Reaching safepoint: 184773 ns, At safepoint: 66822 ns, Total: 251595 ns
[2020-12-07T09:10:25.823+0000][12575][safepoint   ] Safepoint "Cleanup", Time since last: 56174557092 ns, Reaching safepoint: 173990 ns, At safepoint: 33581 ns, Total: 207571 ns
[2020-12-07T09:10:48.868+0000][12575][safepoint   ] Safepoint "Cleanup", Time since last: 23044884185 ns, Reaching safepoint: 91422 ns, At safepoint: 27064 ns, Total: 118486 ns
[2020-12-07T09:11:59.075+0000][12575][safepoint   ] Safepoint "Cleanup", Time since last: 70206060282 ns, Reaching safepoint: 89116 ns, At safepoint: 8933 ns, Total: 98049 ns
[2020-12-07T09:13:50.424+0000][12575][safepoint   ] Safepoint "Cleanup", Time since last: 111347130881 ns, Reaching safepoint: 212519 ns, At safepoint: 37622 ns, Total: 250141 ns
[2020-12-07T09:13:51.136+0000][12575][safepoint   ] Safepoint "ICBufferFull", Time since last: 710708399 ns, Reaching safepoint: 668484 ns, At safepoint: 21085 ns, Total: 689569 ns
[2020-12-07T09:13:51.796+0000][12575][safepoint   ] Safepoint "ICBufferFull", Time since last: 659730257 ns, Reaching safepoint: 173719 ns, At safepoint: 28998 ns, Total: 202717 ns
[2020-12-07T09:13:52.946+0000][12575][safepoint   ] Safepoint "Cleanup", Time since last: 1150279335 ns, Reaching safepoint: 340153 ns, At safepoint: 48190 ns, Total: 388343 ns
[2020-12-07T09:13:53.949+0000][12575][safepoint   ] Safepoint "Cleanup", Time since last: 1002001537 ns, Reaching safepoint: 205506 ns, At safepoint: 11841 ns, Total: 217347 ns
[2020-12-07T09:13:57.956+0000][12575][safepoint   ] Safepoint "Cleanup", Time since last: 4006972145 ns, Reaching safepoint: 74618 ns, At safepoint: 9782 ns, Total: 84400 ns
[2020-12-07T09:13:58.957+0000][12575][safepoint   ] Safepoint "Cleanup", Time since last: 1000681422 ns, Reaching safepoint: 108874 ns, At safepoint: 19070 ns, Total: 127944 ns
[2020-12-07T09:13:59.960+0000][12575][safepoint   ] Safepoint "Cleanup", Time since last: 1003597360 ns, Reaching safepoint: 188709 ns, At safepoint: 22816 ns, Total: 211525 ns
[2020-12-07T09:14:01.967+0000][12575][safepoint   ] Safepoint "Cleanup", Time since last: 2006816061 ns, Reaching safepoint: 97259 ns, At safepoint: 48184 ns, Total: 145443 ns
[2020-12-07T09:14:07.987+0000][12575][safepoint   ] Safepoint "Cleanup", Time since last: 6019573222 ns, Reaching safepoint: 81981 ns, At safepoint: 16601 ns, Total: 98582 ns
[2020-12-07T09:14:17.016+0000][12575][safepoint   ] Safepoint "Cleanup", Time since last: 9028168878 ns, Reaching safepoint: 141371 ns, At safepoint: 7067 ns, Total: 148438 ns
[2020-12-07T09:14:21.244+0000][12575][gc,start    ] GC(9) Pause Young (Normal) (G1 Evacuation Pause)
[2020-12-07T09:14:21.244+0000][12575][gc,task     ] GC(9) Using 13 workers of 13 for evacuation
[2020-12-07T09:14:21.245+0000][12575][gc,age      ] GC(9) Desired survivor size 40370176 bytes, new threshold 2 (max threshold 15)
[2020-12-07T09:14:21.365+0000][12575][gc,age      ] GC(9) Age table with threshold 2 (max threshold 15)
[2020-12-07T09:14:21.365+0000][12575][gc,age      ] GC(9) - age   1:   12828152 bytes,   12828152 total
[2020-12-07T09:14:21.365+0000][12575][gc,age      ] GC(9) - age   2:   10975584 bytes,   23803736 total
[2020-12-07T09:14:21.365+0000][12575][gc,phases   ] GC(9)   Pre Evacuate Collection Set: 2.1ms
[2020-12-07T09:14:21.365+0000][12575][gc,phases   ] GC(9)   Merge Heap Roots: 0.2ms
[2020-12-07T09:14:21.365+0000][12575][gc,phases   ] GC(9)   Evacuate Collection Set: 116.0ms
[2020-12-07T09:14:21.365+0000][12575][gc,phases   ] GC(9)   Post Evacuate Collection Set: 2.5ms
[2020-12-07T09:14:21.365+0000][12575][gc,phases   ] GC(9)   Other: 0.3ms
[2020-12-07T09:14:21.365+0000][12575][gc,heap     ] GC(9) Eden regions: 567->0(588)
[2020-12-07T09:14:21.365+0000][12575][gc,heap     ] GC(9) Survivor regions: 47->26(77)
[2020-12-07T09:14:21.365+0000][12575][gc,heap     ] GC(9) Old regions: 14->48
[2020-12-07T09:14:21.365+0000][12575][gc,heap     ] GC(9) Archive regions: 2->2
[2020-12-07T09:14:21.365+0000][12575][gc,heap     ] GC(9) Humongous regions: 7->7
[2020-12-07T09:14:21.365+0000][12575][gc,metaspace] GC(9) Metaspace: 92521K(96252K)->92521K(96252K) NonClass: 79972K(82556K)->79972K(82556K) Class: 12549K(13696K)->12549K(13696K)
[2020-12-07T09:14:21.365+0000][12575][gc          ] GC(9) Pause Young (Normal) (G1 Evacuation Pause) 635M->80M(1024M) 121.804ms
[2020-12-07T09:14:21.365+0000][12575][gc,cpu      ] GC(9) User=0.25s Sys=0.80s Real=0.12s
[2020-12-07T09:14:21.365+0000][12575][safepoint   ] Safepoint "G1CollectForAllocation", Time since last: 4227472028 ns, Reaching safepoint: 279931 ns, At safepoint: 121924894 ns, Total: 122204825 ns
[2020-12-07T09:14:22.403+0000][12575][safepoint   ] Safepoint "Cleanup", Time since last: 1037873345 ns, Reaching safepoint: 117886 ns, At safepoint: 11380 ns, Total: 129266 ns
[2020-12-07T09:14:29.421+0000][12575][safepoint   ] Safepoint "Cleanup", Time since last: 7017563142 ns, Reaching safepoint: 190553 ns, At safepoint: 11050 ns, Total: 201603 ns
[2020-12-07T09:14:56.508+0000][12575][safepoint   ] Safepoint "Cleanup", Time since last: 27085776556 ns, Reaching safepoint: 163279 ns, At safepoint: 25318 ns, Total: 188597 ns
[2020-12-07T09:15:11.549+0000][12575][safepoint   ] Safepoint "Cleanup", Time since last: 15041186752 ns, Reaching safepoint: 209276 ns, At safepoint: 35179 ns, Total: 244455 ns
[2020-12-07T09:15:12.553+0000][12575][safepoint   ] Safepoint "Cleanup", Time since last: 1003468394 ns, Reaching safepoint: 173100 ns, At safepoint: 46201 ns, Total: 219301 ns
[2020-12-07T09:15:16.564+0000][12575][safepoint   ] Safepoint "Cleanup", Time since last: 4010515255 ns, Reaching safepoint: 156036 ns, At safepoint: 26875 ns, Total: 182911 ns
[2020-12-07T09:15:18.573+0000][12575][safepoint   ] Safepoint "Cleanup", Time since last: 2008794278 ns, Reaching safepoint: 138982 ns, At safepoint: 5225 ns, Total: 144207 ns
[2020-12-07T09:15:21.581+0000][12575][safepoint   ] Safepoint "Cleanup", Time since last: 3008114227 ns, Reaching safepoint: 162957 ns, At safepoint: 19018 ns, Total: 181975 ns
[2020-12-07T09:15:29.603+0000][12575][safepoint   ] Safepoint "Cleanup", Time since last: 8021211093 ns, Reaching safepoint: 157537 ns, At safepoint: 52387 ns, Total: 209924 ns
[2020-12-07T09:15:49.655+0000][12575][safepoint   ] Safepoint "Cleanup", Time since last: 20052139626 ns, Reaching safepoint: 155870 ns, At safepoint: 50775 ns, Total: 206645 ns
[2020-12-07T09:15:51.657+0000][12575][safepoint   ] Safepoint "Cleanup", Time since last: 2000968371 ns, Reaching safepoint: 73592 ns, At safepoint: 12883 ns, Total: 86475 ns
[2020-12-07T09:15:52.662+0000][12575][safepoint   ] Safepoint "Cleanup", Time since last: 1005361751 ns, Reaching safepoint: 216086 ns, At safepoint: 34836 ns, Total: 250922 ns
[2020-12-07T09:15:54.669+0000][12575][safepoint   ] Safepoint "Cleanup", Time since last: 2006504418 ns, Reaching safepoint: 155586 ns, At safepoint: 30003 ns, Total: 185589 ns
[2020-12-07T09:15:57.680+0000][12575][safepoint   ] Safepoint "Cleanup", Time since last: 3011123509 ns, Reaching safepoint: 149165 ns, At safepoint: 43323 ns, Total: 192488 ns
[2020-12-07T09:15:59.681+0000][12575][safepoint   ] Safepoint "Cleanup", Time since last: 2000896444 ns, Reaching safepoint: 122683 ns, At safepoint: 6245 ns, Total: 128928 ns
[2020-12-07T09:16:01.687+0000][12575][safepoint   ] Safepoint "Cleanup", Time since last: 2005840482 ns, Reaching safepoint: 98015 ns, At safepoint: 23526 ns, Total: 121541 ns
[2020-12-07T09:16:11.724+0000][12575][safepoint   ] Safepoint "Cleanup", Time since last: 10036330426 ns, Reaching safepoint: 115558 ns, At safepoint: 39227 ns, Total: 154785 ns
[2020-12-07T09:16:21.756+0000][12575][safepoint   ] Safepoint "Cleanup", Time since last: 10032124093 ns, Reaching safepoint: 91977 ns, At safepoint: 72777 ns, Total: 164754 ns
[2020-12-07T09:16:22.761+0000][12575][safepoint   ] Safepoint "Cleanup", Time since last: 1004639777 ns, Reaching safepoint: 67740 ns, At safepoint: 7667 ns, Total: 75407 ns
[2020-12-07T09:16:27.775+0000][12575][safepoint   ] Safepoint "Cleanup", Time since last: 5013881953 ns, Reaching safepoint: 110337 ns, At safepoint: 46352 ns, Total: 156689 ns
[2020-12-07T09:16:28.779+0000][12575][safepoint   ] Safepoint "Cleanup", Time since last: 1003542254 ns, Reaching safepoint: 155971 ns, At safepoint: 49494 ns, Total: 205465 ns
[2020-12-07T09:16:38.466+0000][12575][safepoint   ] Safepoint "Cleanup", Time since last: 9686436481 ns, Reaching safepoint: 678294 ns, At safepoint: 64307 ns, Total: 742601 ns
[2020-12-07T09:16:59.292+0000][12575][safepoint   ] Safepoint "Cleanup", Time since last: 20823753692 ns, Reaching safepoint: 1647172 ns, At safepoint: 47345 ns, Total: 1694517 ns
[2020-12-07T09:17:15.342+0000][12575][safepoint   ] Safepoint "Cleanup", Time since last: 16049117186 ns, Reaching safepoint: 63826 ns, At safepoint: 17905 ns, Total: 81731 ns
[2020-12-07T09:17:47.434+0000][12575][safepoint   ] Safepoint "Cleanup", Time since last: 32092172409 ns, Reaching safepoint: 87512 ns, At safepoint: 69533 ns, Total: 157045 ns
[2020-12-07T09:17:49.437+0000][12575][safepoint   ] Safepoint "Cleanup", Time since last: 2002611522 ns, Reaching safepoint: 79435 ns, At safepoint: 8352 ns, Total: 87787 ns
[2020-12-07T09:17:51.443+0000][12575][safepoint   ] Safepoint "Cleanup", Time since last: 2005847369 ns, Reaching safepoint: 73643 ns, At safepoint: 5319 ns, Total: 78962 ns
[2020-12-07T09:17:53.448+0000][12575][safepoint   ] Safepoint "Cleanup", Time since last: 2004973315 ns, Reaching safepoint: 71345 ns, At safepoint: 15764 ns, Total: 87109 ns
[2020-12-07T09:18:09.497+0000][12575][safepoint   ] Safepoint "Cleanup", Time since last: 16048366386 ns, Reaching safepoint: 68902 ns, At safepoint: 19608 ns, Total: 88510 ns
[2020-12-07T09:18:21.525+0000][12575][safepoint   ] Safepoint "Cleanup", Time since last: 12028000135 ns, Reaching safepoint: 150944 ns, At safepoint: 11058 ns, Total: 162002 ns
[2020-12-07T09:18:29.550+0000][12575][safepoint   ] Safepoint "Cleanup", Time since last: 8023820522 ns, Reaching safepoint: 177055 ns, At safepoint: 43030 ns, Total: 220085 ns
[2020-12-07T09:18:58.631+0000][12575][safepoint   ] Safepoint "Cleanup", Time since last: 29080941646 ns, Reaching safepoint: 75544 ns, At safepoint: 34193 ns, Total: 109737 ns
[2020-12-07T09:19:17.947+0000][12575][safepoint   ] Safepoint "Cleanup", Time since last: 19315647775 ns, Reaching safepoint: 183943 ns, At safepoint: 90050 ns, Total: 273993 ns
[2020-12-07T09:19:23.963+0000][12575][safepoint   ] Safepoint "Cleanup", Time since last: 6015633881 ns, Reaching safepoint: 134818 ns, At safepoint: 30840 ns, Total: 165658 ns
[2020-12-07T09:19:29.979+0000][12575][safepoint   ] Safepoint "Cleanup", Time since last: 6015725671 ns, Reaching safepoint: 141536 ns, At safepoint: 52074 ns, Total: 193610 ns
[2020-12-07T09:19:52.028+0000][12575][safepoint   ] Safepoint "Cleanup", Time since last: 22048557440 ns, Reaching safepoint: 90771 ns, At safepoint: 38301 ns, Total: 129072 ns
[2020-12-07T09:20:00.051+0000][12575][safepoint   ] Safepoint "Cleanup", Time since last: 8022745017 ns, Reaching safepoint: 148821 ns, At safepoint: 64582 ns, Total: 213403 ns
[2020-12-07T09:20:07.079+0000][12575][safepoint   ] Safepoint "Cleanup", Time since last: 7027530553 ns, Reaching safepoint: 98540 ns, At safepoint: 20984 ns, Total: 119524 ns
[2020-12-07T09:20:30.155+0000][12575][safepoint   ] Safepoint "Cleanup", Time since last: 23074901766 ns, Reaching safepoint: 154307 ns, At safepoint: 62608 ns, Total: 216915 ns
[2020-12-07T09:21:03.261+0000][12575][safepoint   ] Safepoint "Cleanup", Time since last: 33106001157 ns, Reaching safepoint: 141285 ns, At safepoint: 92209 ns, Total: 233494 ns
[2020-12-07T09:21:21.317+0000][12575][safepoint   ] Safepoint "Cleanup", Time since last: 18055151203 ns, Reaching safepoint: 211922 ns, At safepoint: 29467 ns, Total: 241389 ns
[2020-12-07T09:21:51.386+0000][12575][safepoint   ] Safepoint "Cleanup", Time since last: 30067755161 ns, Reaching safepoint: 200260 ns, At safepoint: 8186 ns, Total: 208446 ns
[2020-12-07T09:21:59.410+0000][12575][safepoint   ] Safepoint "Cleanup", Time since last: 8023736186 ns, Reaching safepoint: 171664 ns, At safepoint: 42616 ns, Total: 214280 ns
[2020-12-07T09:22:36.523+0000][12575][safepoint   ] Safepoint "Cleanup", Time since last: 37112905751 ns, Reaching safepoint: 173963 ns, At safepoint: 41319 ns, Total: 215282 ns
[2020-12-07T09:22:51.557+0000][12575][safepoint   ] Safepoint "Cleanup", Time since last: 15032827982 ns, Reaching safepoint: 197758 ns, At safepoint: 5374 ns, Total: 203132 ns
[2020-12-07T09:23:20.633+0000][12575][safepoint   ] Safepoint "Cleanup", Time since last: 29075580993 ns, Reaching safepoint: 151298 ns, At safepoint: 31884 ns, Total: 183182 ns
[2020-12-07T09:23:21.633+0000][12575][safepoint   ] Safepoint "Cleanup", Time since last: 1000195551 ns, Reaching safepoint: 163185 ns, At safepoint: 10875 ns, Total: 174060 ns
[2020-12-07T09:23:51.713+0000][12575][safepoint   ] Safepoint "Cleanup", Time since last: 30079363576 ns, Reaching safepoint: 173169 ns, At safepoint: 40514 ns, Total: 213683 ns
[2020-12-07T09:24:03.753+0000][12575][safepoint   ] Safepoint "Cleanup", Time since last: 12038938645 ns, Reaching safepoint: 157554 ns, At safepoint: 83971 ns, Total: 241525 ns
[2020-12-07T09:24:04.757+0000][12575][safepoint   ] Safepoint "Cleanup", Time since last: 1004581999 ns, Reaching safepoint: 167907 ns, At safepoint: 46796 ns, Total: 214703 ns
[2020-12-07T09:24:06.762+0000][12575][safepoint   ] Safepoint "Cleanup", Time since last: 2004279677 ns, Reaching safepoint: 114465 ns, At safepoint: 3556 ns, Total: 118021 ns
[2020-12-07T09:24:07.764+0000][12575][safepoint   ] Safepoint "Cleanup", Time since last: 1002242289 ns, Reaching safepoint: 168617 ns, At safepoint: 26162 ns, Total: 194779 ns
[2020-12-07T09:24:21.817+0000][12575][safepoint   ] Safepoint "Cleanup", Time since last: 14051852417 ns, Reaching safepoint: 238772 ns, At safepoint: 33252 ns, Total: 272024 ns
[2020-12-07T09:24:29.835+0000][12575][safepoint   ] Safepoint "Cleanup", Time since last: 8018182057 ns, Reaching safepoint: 190867 ns, At safepoint: 60835 ns, Total: 251702 ns
[2020-12-07T09:24:32.841+0000][12575][safepoint   ] Safepoint "Cleanup", Time since last: 3005981308 ns, Reaching safepoint: 176733 ns, At safepoint: 5441 ns, Total: 182174 ns
[2020-12-07T09:24:51.891+0000][12575][safepoint   ] Safepoint "Cleanup", Time since last: 19049476083 ns, Reaching safepoint: 77524 ns, At safepoint: 28598 ns, Total: 106122 ns
[2020-12-07T09:25:06.936+0000][12575][safepoint   ] Safepoint "Cleanup", Time since last: 15044332588 ns, Reaching safepoint: 195146 ns, At safepoint: 50399 ns, Total: 245545 ns
[2020-12-07T09:25:21.982+0000][12575][safepoint   ] Safepoint "Cleanup", Time since last: 15045645451 ns, Reaching safepoint: 171543 ns, At safepoint: 10236 ns, Total: 181779 ns
[2020-12-07T09:26:25.182+0000][12575][safepoint   ] Safepoint "Cleanup", Time since last: 63198799640 ns, Reaching safepoint: 73901 ns, At safepoint: 12614 ns, Total: 86515 ns
[2020-12-07T09:26:37.222+0000][12575][safepoint   ] Safepoint "Cleanup", Time since last: 12039487666 ns, Reaching safepoint: 93706 ns, At safepoint: 15900 ns, Total: 109606 ns
[2020-12-07T09:27:00.286+0000][12575][safepoint   ] Safepoint "Cleanup", Time since last: 23063031004 ns, Reaching safepoint: 148162 ns, At safepoint: 22891 ns, Total: 171053 ns
[2020-12-07T09:28:39.564+0000][12575][safepoint   ] Safepoint "Cleanup", Time since last: 99276394409 ns, Reaching safepoint: 230989 ns, At safepoint: 16343 ns, Total: 247332 ns
[2020-12-07T09:28:59.627+0000][12575][safepoint   ] Safepoint "Cleanup", Time since last: 20062251872 ns, Reaching safepoint: 182613 ns, At safepoint: 55746 ns, Total: 238359 ns
[2020-12-07T09:30:28.926+0000][12575][safepoint   ] Safepoint "Cleanup", Time since last: 89297756348 ns, Reaching safepoint: 230117 ns, At safepoint: 23548 ns, Total: 253665 ns
[2020-12-07T09:31:00.073+0000][12575][safepoint   ] Safepoint "Cleanup", Time since last: 31146556639 ns, Reaching safepoint: 110833 ns, At safepoint: 46522 ns, Total: 157355 ns
[2020-12-07T09:31:30.233+0000][12575][safepoint   ] Safepoint "Cleanup", Time since last: 30159353070 ns, Reaching safepoint: 147456 ns, At safepoint: 7175 ns, Total: 154631 ns
[2020-12-07T09:31:52.368+0000][12575][safepoint   ] Safepoint "Cleanup", Time since last: 22133785741 ns, Reaching safepoint: 889284 ns, At safepoint: 9340 ns, Total: 898624 ns
[2020-12-07T09:32:18.550+0000][12575][safepoint   ] Safepoint "Cleanup", Time since last: 26177842593 ns, Reaching safepoint: 2875322 ns, At safepoint: 50601 ns, Total: 2925923 ns
[2020-12-07T09:32:19.554+0000][12575][safepoint   ] Safepoint "Cleanup", Time since last: 1004271008 ns, Reaching safepoint: 180556 ns, At safepoint: 24854 ns, Total: 205410 ns
[2020-12-07T09:32:21.569+0000][12575][safepoint   ] Safepoint "Cleanup", Time since last: 2014321173 ns, Reaching safepoint: 186813 ns, At safepoint: 46406 ns, Total: 233219 ns
[2020-12-07T09:33:21.947+0000][12575][safepoint   ] Safepoint "Cleanup", Time since last: 60377261806 ns, Reaching safepoint: 170871 ns, At safepoint: 67333 ns, Total: 238204 ns
[2020-12-07T09:33:29.983+0000][12575][safepoint   ] Safepoint "Cleanup", Time since last: 8034723853 ns, Reaching safepoint: 1261960 ns, At safepoint: 59677 ns, Total: 1321637 ns
[2020-12-07T09:33:52.115+0000][12575][safepoint   ] Safepoint "Cleanup", Time since last: 22131526161 ns, Reaching safepoint: 214959 ns, At safepoint: 36684 ns, Total: 251643 ns
[2020-12-07T09:34:21.309+0000][12575][safepoint   ] Safepoint "Cleanup", Time since last: 29192867329 ns, Reaching safepoint: 124130 ns, At safepoint: 36799 ns, Total: 160929 ns
[2020-12-07T09:34:22.317+0000][12575][safepoint   ] Safepoint "Cleanup", Time since last: 1007912744 ns, Reaching safepoint: 181949 ns, At safepoint: 55313 ns, Total: 237262 ns
[2020-12-07T09:34:30.374+0000][12575][safepoint   ] Safepoint "Cleanup", Time since last: 8056585288 ns, Reaching safepoint: 106819 ns, At safepoint: 14282 ns, Total: 121101 ns
[2020-12-07T09:34:51.514+0000][12575][safepoint   ] Safepoint "Cleanup", Time since last: 21139585130 ns, Reaching safepoint: 180924 ns, At safepoint: 63282 ns, Total: 244206 ns
[2020-12-07T09:35:14.606+0000][12575][safepoint   ] Safepoint "Cleanup", Time since last: 23098047121 ns, Reaching safepoint: 183258 ns, At safepoint: 22657 ns, Total: 205915 ns
[2020-12-07T09:35:21.644+0000][12575][safepoint   ] Safepoint "Cleanup", Time since last: 7039530980 ns, Reaching safepoint: 213804 ns, At safepoint: 32674 ns, Total: 246478 ns
[2020-12-07T09:35:34.703+0000][12575][safepoint   ] Safepoint "Cleanup", Time since last: 13061199589 ns, Reaching safepoint: 176271 ns, At safepoint: 29192 ns, Total: 205463 ns
[2020-12-07T10:13:56.179+0000][12575][safepoint   ] Safepoint "Cleanup", Time since last: 109822850274 ns, Reaching safepoint: 227956 ns, At safepoint: 31682 ns, Total: 259638 ns
[2020-12-07T12:10:15.681+0000][12575][safepoint   ] Safepoint "Cleanup", Time since last: 159783695095 ns, Reaching safepoint: 132601 ns, At safepoint: 8648 ns, Total: 141249 ns
[2020-12-07T12:11:09.843+0000][12575][safepoint   ] Safepoint "Cleanup", Time since last: 54148477367 ns, Reaching safepoint: 741486 ns, At safepoint: 8840 ns, Total: 750326 ns
[2020-12-07T12:11:25.887+0000][12575][safepoint   ] Safepoint "Cleanup", Time since last: 16043249337 ns, Reaching safepoint: 269496 ns, At safepoint: 67381 ns, Total: 336877 ns
[2020-12-07T12:11:58.988+0000][12575][safepoint   ] Safepoint "Cleanup", Time since last: 33101218164 ns, Reaching safepoint: 174063 ns, At safepoint: 23599 ns, Total: 197662 ns
[2020-12-07T12:12:23.061+0000][12575][safepoint   ] Safepoint "Cleanup", Time since last: 24072156660 ns, Reaching safepoint: 238883 ns, At safepoint: 30457 ns, Total: 269340 ns
[2020-12-07T12:12:42.114+0000][12575][safepoint   ] Safepoint "Cleanup", Time since last: 19052629697 ns, Reaching safepoint: 88334 ns, At safepoint: 5956 ns, Total: 94290 ns
[2020-12-07T12:13:15.220+0000][12575][safepoint   ] Safepoint "Cleanup", Time since last: 33105836366 ns, Reaching safepoint: 186148 ns, At safepoint: 60076 ns, Total: 246224 ns
[2020-12-07T12:13:37.296+0000][12575][safepoint   ] Safepoint "Cleanup", Time since last: 22075960285 ns, Reaching safepoint: 229981 ns, At safepoint: 59655 ns, Total: 289636 ns
[2020-12-07T12:13:39.305+0000][12575][safepoint   ] Safepoint "Cleanup", Time since last: 2007837670 ns, Reaching safepoint: 186034 ns, At safepoint: 20522 ns, Total: 206556 ns
[2020-12-07T12:13:45.326+0000][12575][safepoint   ] Safepoint "Cleanup", Time since last: 6021628485 ns, Reaching safepoint: 176610 ns, At safepoint: 69017 ns, Total: 245627 ns
[2020-12-07T12:14:15.416+0000][12575][safepoint   ] Safepoint "Cleanup", Time since last: 30089484369 ns, Reaching safepoint: 94950 ns, At safepoint: 30530 ns, Total: 125480 ns
[2020-12-07T12:14:44.512+0000][12575][safepoint   ] Safepoint "Cleanup", Time since last: 29095873217 ns, Reaching safepoint: 112724 ns, At safepoint: 59510 ns, Total: 172234 ns
[2020-12-07T12:14:45.516+0000][12575][safepoint   ] Safepoint "Cleanup", Time since last: 1003865917 ns, Reaching safepoint: 81266 ns, At safepoint: 10873 ns, Total: 92139 ns
[2020-12-07T12:14:56.558+0000][12575][safepoint   ] Safepoint "Cleanup", Time since last: 11041566496 ns, Reaching safepoint: 84621 ns, At safepoint: 11337 ns, Total: 95958 ns
[2020-12-07T12:15:09.602+0000][12575][safepoint   ] Safepoint "Cleanup", Time since last: 13043387608 ns, Reaching safepoint: 212982 ns, At safepoint: 65314 ns, Total: 278296 ns
[2020-12-07T12:15:11.610+0000][12575][safepoint   ] Safepoint "Cleanup", Time since last: 2008336634 ns, Reaching safepoint: 231522 ns, At safepoint: 60276 ns, Total: 291798 ns
[2020-12-07T12:15:14.618+0000][12575][safepoint   ] Safepoint "Cleanup", Time since last: 3007041135 ns, Reaching safepoint: 198220 ns, At safepoint: 31199 ns, Total: 229419 ns
[2020-12-07T12:15:45.727+0000][12575][safepoint   ] Safepoint "Cleanup", Time since last: 31108484067 ns, Reaching safepoint: 219960 ns, At safepoint: 57749 ns, Total: 277709 ns
[2020-12-07T12:15:46.727+0000][12575][safepoint   ] Safepoint "Cleanup", Time since last: 1000473864 ns, Reaching safepoint: 108580 ns, At safepoint: 13810 ns, Total: 122390 ns
[2020-12-07T12:16:45.896+0000][12575][safepoint   ] Safepoint "Cleanup", Time since last: 59168063778 ns, Reaching safepoint: 252441 ns, At safepoint: 34168 ns, Total: 286609 ns
[2020-12-07T12:17:41.073+0000][12575][safepoint   ] Safepoint "Cleanup", Time since last: 55176237218 ns, Reaching safepoint: 192562 ns, At safepoint: 33223 ns, Total: 225785 ns
[2020-12-07T12:19:15.358+0000][12575][safepoint   ] Safepoint "Cleanup", Time since last: 94284279854 ns, Reaching safepoint: 196286 ns, At safepoint: 23046 ns, Total: 219332 ns
[2020-12-07T12:19:41.440+0000][12575][safepoint   ] Safepoint "Cleanup", Time since last: 26081548498 ns, Reaching safepoint: 188947 ns, At safepoint: 74131 ns, Total: 263078 ns
[2020-12-07T12:20:45.604+0000][12575][safepoint   ] Safepoint "Cleanup", Time since last: 64164270976 ns, Reaching safepoint: 129051 ns, At safepoint: 17764 ns, Total: 146815 ns
[2020-12-07T12:20:48.610+0000][12575][safepoint   ] Safepoint "Cleanup", Time since last: 3004975417 ns, Reaching safepoint: 267806 ns, At safepoint: 34423 ns, Total: 302229 ns
[2020-12-07T12:21:45.777+0000][12575][safepoint   ] Safepoint "Cleanup", Time since last: 57167144671 ns, Reaching safepoint: 199773 ns, At safepoint: 28153 ns, Total: 227926 ns
[2020-12-07T12:22:15.876+0000][12575][safepoint   ] Safepoint "Cleanup", Time since last: 30098074354 ns, Reaching safepoint: 90439 ns, At safepoint: 52974 ns, Total: 143413 ns
[2020-12-07T12:22:40.954+0000][12575][safepoint   ] Safepoint "Cleanup", Time since last: 25078079436 ns, Reaching safepoint: 212806 ns, At safepoint: 66657 ns, Total: 279463 ns
[2020-12-07T12:24:34.303+0000][12575][safepoint   ] Safepoint "Cleanup", Time since last: 113347878772 ns, Reaching safepoint: 128972 ns, At safepoint: 61608 ns, Total: 190580 ns
[2020-12-07T12:24:45.332+0000][12575][safepoint   ] Safepoint "Cleanup", Time since last: 11029017878 ns, Reaching safepoint: 182587 ns, At safepoint: 68223 ns, Total: 250810 ns
[2020-12-07T12:26:45.688+0000][12575][safepoint   ] Safepoint "Cleanup", Time since last: 120354766078 ns, Reaching safepoint: 174417 ns, At safepoint: 64710 ns, Total: 239127 ns
[2020-12-07T12:27:15.790+0000][12575][safepoint   ] Safepoint "Cleanup", Time since last: 30101605923 ns, Reaching safepoint: 116531 ns, At safepoint: 19320 ns, Total: 135851 ns
[2020-12-07T12:27:45.885+0000][12575][safepoint   ] Safepoint "Cleanup", Time since last: 30095262101 ns, Reaching safepoint: 217550 ns, At safepoint: 72130 ns, Total: 289680 ns
[2020-12-07T12:27:51.426+0000][12575][gc,start    ] GC(10) Pause Young (Normal) (G1 Evacuation Pause)
[2020-12-07T12:27:51.426+0000][12575][gc,task     ] GC(10) Using 13 workers of 13 for evacuation
[2020-12-07T12:27:51.432+0000][12575][gc,age      ] GC(10) Desired survivor size 40370176 bytes, new threshold 15 (max threshold 15)
[2020-12-07T12:27:51.543+0000][12575][gc,age      ] GC(10) Age table with threshold 15 (max threshold 15)
[2020-12-07T12:27:51.543+0000][12575][gc,age      ] GC(10) - age   1:    1065984 bytes,    1065984 total
[2020-12-07T12:27:51.543+0000][12575][gc,age      ] GC(10) - age   2:   11247384 bytes,   12313368 total
[2020-12-07T12:27:51.543+0000][12575][gc,age      ] GC(10) - age   3:   10467824 bytes,   22781192 total
[2020-12-07T12:27:51.543+0000][12575][gc,phases   ] GC(10)   Pre Evacuate Collection Set: 8.8ms
[2020-12-07T12:27:51.543+0000][12575][gc,phases   ] GC(10)   Merge Heap Roots: 3.8ms
[2020-12-07T12:27:51.543+0000][12575][gc,phases   ] GC(10)   Evacuate Collection Set: 99.2ms
[2020-12-07T12:27:51.543+0000][12575][gc,phases   ] GC(10)   Post Evacuate Collection Set: 4.1ms
[2020-12-07T12:27:51.543+0000][12575][gc,phases   ] GC(10)   Other: 4.3ms
[2020-12-07T12:27:51.543+0000][12575][gc,heap     ] GC(10) Eden regions: 588->0(589)
[2020-12-07T12:27:51.544+0000][12575][gc,heap     ] GC(10) Survivor regions: 26->25(77)
[2020-12-07T12:27:51.544+0000][12575][gc,heap     ] GC(10) Old regions: 48->48
[2020-12-07T12:27:51.544+0000][12575][gc,heap     ] GC(10) Archive regions: 2->2
[2020-12-07T12:27:51.544+0000][12575][gc,heap     ] GC(10) Humongous regions: 7->7
[2020-12-07T12:27:51.544+0000][12575][gc,metaspace] GC(10) Metaspace: 93964K(97660K)->93964K(97660K) NonClass: 81283K(83836K)->81283K(83836K) Class: 12680K(13824K)->12680K(13824K)
[2020-12-07T12:27:51.544+0000][12575][gc          ] GC(10) Pause Young (Normal) (G1 Evacuation Pause) 668M->79M(1024M) 117.938ms
[2020-12-07T12:27:51.544+0000][12575][gc,cpu      ] GC(10) User=0.09s Sys=0.41s Real=0.12s
[2020-12-07T12:27:51.544+0000][12575][safepoint   ] Safepoint "G1CollectForAllocation", Time since last: 5536960318 ns, Reaching safepoint: 1029922 ns, At safepoint: 120340422 ns, Total: 121370344 ns
[2020-12-07T12:28:15.613+0000][12575][safepoint   ] Safepoint "Cleanup", Time since last: 24068758573 ns, Reaching safepoint: 140485 ns, At safepoint: 31372 ns, Total: 171857 ns
[2020-12-07T12:31:16.164+0000][12575][safepoint   ] Safepoint "Cleanup", Time since last: 180549745529 ns, Reaching safepoint: 207850 ns, At safepoint: 62668 ns, Total: 270518 ns
[2020-12-07T12:31:17.165+0000][12575][safepoint   ] Safepoint "Cleanup", Time since last: 1001374889 ns, Reaching safepoint: 178115 ns, At safepoint: 42414 ns, Total: 220529 ns
